<?xml version="1.0" encoding="UTF-8"?>
<!-- Generated by org.testng.reporters.JUnitXMLReporter -->
<testsuite ignored="0" hostname="DESKTOP-LL1B83L" failures="0" tests="4" name="Default test" time="50.327" errors="0" timestamp="2026-02-09T22:04:14 IST">
  <testcase classname="TestPages.CheckoutTest" name="TC_01_verifyCheckoutPage" time="0.109"/>
  <testcase classname="TestPages.CheckoutTest" name="TC_02_fillCheckoutForm" time="13.934"/>
  <testcase classname="TestPages.CheckoutTest" name="TC_03_clickPayNow" time="5.026"/>
  <testcase classname="TestPages.CheckoutTest" name="VerifyCheckoutEnable" time="8.275"/>
</testsuite> <!-- Default test -->
