<?xml version="1.0" encoding="UTF-8"?>
<!-- Generated by org.testng.reporters.JUnitXMLReporter -->
<testsuite ignored="0" hostname="DESKTOP-LL1B83L" failures="0" tests="4" name="Default test" time="39.036" errors="0" timestamp="2026-01-05T15:47:44 IST">
  <testcase classname="TestPages.MiniCartTest" name="TC_01_QuantityIncrease" time="5.064"/>
  <testcase classname="TestPages.MiniCartTest" name="TC_02_QuantityDecrease" time="3.566"/>
  <testcase classname="TestPages.MiniCartTest" name="TC_03_EnterPincode" time="0.166"/>
  <testcase classname="TestPages.MiniCartTest" name="TC_04_ClickOnCheckout" time="2.664"/>
</testsuite> <!-- Default test -->
