<?xml version="1.0" encoding="UTF-8"?>
<!-- Generated by org.testng.reporters.JUnitXMLReporter -->
<testsuite ignored="0" hostname="DESKTOP-LL1B83L" failures="0" tests="7" name="01 - HOME Tests" time="112.38" errors="0" timestamp="2026-02-09T22:41:59 IST">
  <testcase classname="TestPages.HomeTest" name="clickOnMenBestSellerShopNowButton" time="3.577"/>
  <testcase classname="TestPages.HomeTest" name="clickOnWomenBestSellerShopnowButton" time="3.996"/>
  <testcase classname="TestPages.HomeTest" name="clickLatestReleaseProduct" time="3.33"/>
  <testcase classname="TestPages.HomeTest" name="clickOnAllProductsLatestRelease" time="86.695"/>
  <testcase classname="TestPages.HomeTest" name="ClickOnPopularCategories" time="3.023"/>
  <testcase classname="TestPages.HomeTest" name="clickOnLeatherWatchMenShopNowButton" time="3.766"/>
  <testcase classname="TestPages.HomeTest" name="GoToMensNewArrivalCategory" time="2.393"/>
</testsuite> <!-- 01 - HOME Tests -->
