<?xml version="1.0" encoding="UTF-8"?>
<!-- Generated by org.testng.reporters.JUnitXMLReporter -->
<testsuite ignored="0" hostname="DESKTOP-LL1B83L" failures="0" tests="5" name="02 - PLP Tests" time="23.852" errors="0" timestamp="2026-02-09T22:42:23 IST">
  <testcase classname="TestPages.PLPTest" name="TC_01_ClickOnDialShapeFilter" time="3.784"/>
  <testcase classname="TestPages.PLPTest" name="TC_02_ClickOnAttachmentTypeFilter" time="2.497"/>
  <testcase classname="TestPages.PLPTest" name="TC_03_ClickOnDialColorFilter" time="4.31"/>
  <testcase classname="TestPages.PLPTest" name="TC_04_ClickOnStrapColorFilter" time="4.705"/>
  <testcase classname="TestPages.PLPTest" name="TC_05_ClickOnFirstProduct" time="3.779"/>
</testsuite> <!-- 02 - PLP Tests -->
