<?xml version="1.0" encoding="UTF-8"?>
<!-- Generated by org.testng.reporters.JUnitXMLReporter -->
<testsuite ignored="0" hostname="DESKTOP-LL1B83L" failures="0" tests="4" name="04 - MINICART Tests" time="20.671" errors="0" timestamp="2026-02-09T22:43:00 IST">
  <testcase classname="TestPages.MiniCartTest" name="TC_01_QuantityIncrease" time="4.337"/>
  <testcase classname="TestPages.MiniCartTest" name="TC_02_QuantityDecrease" time="3.3"/>
  <testcase classname="TestPages.MiniCartTest" name="TC_03_EnterPincode" time="0.191"/>
  <testcase classname="TestPages.MiniCartTest" name="TC_04_ClickOnCheckoutButton" time="6.431"/>
</testsuite> <!-- 04 - MINICART Tests -->
