<?xml version="1.0" encoding="UTF-8"?>
<!-- Generated by org.testng.reporters.JUnitXMLReporter -->
<testsuite ignored="0" hostname="DESKTOP-LL1B83L" failures="0" tests="4" name="05 - CHECKOUT Tests" time="37.461" errors="0" timestamp="2026-02-09T22:43:38 IST">
  <testcase classname="TestPages.CheckoutTest" name="TC_01_verifyCheckoutPage" time="0.038"/>
  <testcase classname="TestPages.CheckoutTest" name="TC_02_fillCheckoutForm" time="12.866"/>
  <testcase classname="TestPages.CheckoutTest" name="TC_03_clickPayNow" time="5.087"/>
  <testcase classname="TestPages.CheckoutTest" name="VerifyCheckoutEnable" time="8.428"/>
</testsuite> <!-- 05 - CHECKOUT Tests -->
