<?xml version="1.0" encoding="UTF-8"?>
<!-- Generated by org.testng.reporters.JUnitXMLReporter -->
<testsuite ignored="0" hostname="DESKTOP-LL1B83L" failures="1" tests="7" name="01 - HOME Tests" time="167.341" errors="0" timestamp="2026-02-09T22:08:24 IST">
  <testcase classname="TestPages.HomeTest" name="clickOnMenBestSellerShopNowButton" time="34.285"/>
  <testcase classname="TestPages.HomeTest" name="clickOnWomenBestSellerShopnowButton" time="20.3">
    <failure type="java.lang.AssertionError" message="Failed to Click on Women BestSeller ShopNow ButtonExpected condition failed: waiting for number of open windows to be 2 (tried for 20 second(s) with 500 milliseconds interval)
Build info: version: &amp;apos;4.25.0&amp;apos;, revision: &amp;apos;8a8aea2337&amp;apos;
System info: os.name: &amp;apos;Windows 11&amp;apos;, os.arch: &amp;apos;amd64&amp;apos;, os.version: &amp;apos;10.0&amp;apos;, java.version: &amp;apos;17.0.7&amp;apos;
Driver info: org.openqa.selenium.chrome.ChromeDriver
Capabilities {acceptInsecureCerts: false, browserName: chrome, browserVersion: 144.0.7559.133, chrome: {chromedriverVersion: 144.0.7559.133 (7da823b1d59..., userDataDir: C:\Users\LYXELA~1\AppData\L...}, fedcm:accounts: true, goog:chromeOptions: {debuggerAddress: localhost:53405}, goog:processID: 10188, networkConnectionEnabled: false, pageLoadStrategy: normal, platformName: windows, proxy: Proxy(), se:cdp: ws://localhost:53405/devtoo..., se:cdpVersion: 144.0.7559.133, setWindowRect: true, strictFileInteractability: false, timeouts: {implicit: 0, pageLoad: 300000, script: 30000}, unhandledPromptBehavior: accept, webauthn:extension:credBlob: true, webauthn:extension:largeBlob: true, webauthn:extension:minPinLength: true, webauthn:extension:prf: true, webauthn:virtualAuthenticators: true}
Session ID: a852e56158ebf80321121323ed3c14eb">
      <![CDATA[java.lang.AssertionError: Failed to Click on Women BestSeller ShopNow ButtonExpected condition failed: waiting for number of open windows to be 2 (tried for 20 second(s) with 500 milliseconds interval)
Build info: version: '4.25.0', revision: '8a8aea2337'
System info: os.name: 'Windows 11', os.arch: 'amd64', os.version: '10.0', java.version: '17.0.7'
Driver info: org.openqa.selenium.chrome.ChromeDriver
Capabilities {acceptInsecureCerts: false, browserName: chrome, browserVersion: 144.0.7559.133, chrome: {chromedriverVersion: 144.0.7559.133 (7da823b1d59..., userDataDir: C:\Users\LYXELA~1\AppData\L...}, fedcm:accounts: true, goog:chromeOptions: {debuggerAddress: localhost:53405}, goog:processID: 10188, networkConnectionEnabled: false, pageLoadStrategy: normal, platformName: windows, proxy: Proxy(), se:cdp: ws://localhost:53405/devtoo..., se:cdpVersion: 144.0.7559.133, setWindowRect: true, strictFileInteractability: false, timeouts: {implicit: 0, pageLoad: 300000, script: 30000}, unhandledPromptBehavior: accept, webauthn:extension:credBlob: true, webauthn:extension:largeBlob: true, webauthn:extension:minPinLength: true, webauthn:extension:prf: true, webauthn:virtualAuthenticators: true}
Session ID: a852e56158ebf80321121323ed3c14eb
at TestPages.HomeTest.clickOnWomenBestSellerShopnowButton(HomeTest.java:37)
at java.base/java.util.ArrayList.forEach(ArrayList.java:1511)
... Removed 28 stack frames]]>
    </failure>
  </testcase> <!-- clickOnWomenBestSellerShopnowButton -->
  <testcase classname="TestPages.HomeTest" name="clickLatestReleaseProduct" time="4.44"/>
  <testcase classname="TestPages.HomeTest" name="clickOnAllProductsLatestRelease" time="92.241"/>
  <testcase classname="TestPages.HomeTest" name="ClickOnPopularCategories" time="3.176"/>
  <testcase classname="TestPages.HomeTest" name="clickOnLeatherWatchMenShopNowButton" time="5.798"/>
  <testcase classname="TestPages.HomeTest" name="GoToMensNewArrivalCategory" time="1.668"/>
</testsuite> <!-- 01 - HOME Tests -->
