<?xml version="1.0" encoding="UTF-8"?>
<!-- Generated by org.testng.reporters.JUnitXMLReporter -->
<testsuite ignored="0" hostname="DESKTOP-LL1B83L" failures="0" tests="5" name="02 - PLP Tests" time="21.701" errors="0" timestamp="2026-02-09T22:08:45 IST">
  <testcase classname="TestPages.PLPTest" name="TC_01_ClickOnDialShapeFilter" time="3.851"/>
  <testcase classname="TestPages.PLPTest" name="TC_02_ClickOnAttachmentTypeFilter" time="2.136"/>
  <testcase classname="TestPages.PLPTest" name="TC_03_ClickOnDialColorFilter" time="4.922"/>
  <testcase classname="TestPages.PLPTest" name="TC_04_ClickOnStrapColorFilter" time="4.255"/>
  <testcase classname="TestPages.PLPTest" name="TC_05_ClickOnFirstProduct" time="2.141"/>
</testsuite> <!-- 02 - PLP Tests -->
