<?xml version="1.0" encoding="UTF-8"?>
<!-- Generated by org.testng.reporters.JUnitXMLReporter -->
<testsuite ignored="0" hostname="DESKTOP-LL1B83L" failures="0" tests="4" name="04 - MINICART Tests" time="24.313" errors="0" timestamp="2026-02-09T22:09:23 IST">
  <testcase classname="TestPages.MiniCartTest" name="TC_01_QuantityIncrease" time="4.44"/>
  <testcase classname="TestPages.MiniCartTest" name="TC_02_QuantityDecrease" time="3.276"/>
  <testcase classname="TestPages.MiniCartTest" name="TC_03_EnterPincode" time="0.318"/>
  <testcase classname="TestPages.MiniCartTest" name="TC_04_ClickOnCheckoutButton" time="8.245"/>
</testsuite> <!-- 04 - MINICART Tests -->
