<?xml version="1.0" encoding="UTF-8"?>
<!-- Generated by org.testng.reporters.JUnitXMLReporter -->
<testsuite ignored="0" hostname="DESKTOP-LL1B83L" failures="0" tests="4" name="05 - CHECKOUT Tests" time="46.692" errors="0" timestamp="2026-02-09T22:10:09 IST">
  <testcase classname="TestPages.CheckoutTest" name="TC_01_verifyCheckoutPage" time="0.06"/>
  <testcase classname="TestPages.CheckoutTest" name="TC_02_fillCheckoutForm" time="16.125"/>
  <testcase classname="TestPages.CheckoutTest" name="TC_03_clickPayNow" time="5.257"/>
  <testcase classname="TestPages.CheckoutTest" name="VerifyCheckoutEnable" time="7.014"/>
</testsuite> <!-- 05 - CHECKOUT Tests -->
