<?xml version="1.0" encoding="UTF-8"?>
<!-- Generated by org.testng.reporters.JUnitXMLReporter -->
<testsuite ignored="0" hostname="DESKTOP-LL1B83L" failures="1" tests="22" name="Test" time="1223.563" errors="0" timestamp="2026-01-14T13:54:48 IST">
  <testcase classname="TestPages.HomeTest" name="clickOnMenBestSellerShopNowButton" time="23.917"/>
  <testcase classname="TestPages.HomeTest" name="clickOnWomenBestSellerShopnowButton" time="23.961"/>
  <testcase classname="TestPages.HomeTest" name="clickLatestReleaseProduct" time="30.429"/>
  <testcase classname="TestPages.HomeTest" name="clickOnAllProductsLatestRelease" time="539.184"/>
  <testcase classname="TestPages.HomeTest" name="clickOnAllLowStockProductCategories" time="123.848"/>
  <testcase classname="TestPages.HomeTest" name="ClickOnPopularCategories" time="15.797">
    <failure type="java.lang.AssertionError" message="Failed to Click on Popular Categories List">
      <![CDATA[java.lang.AssertionError: Failed to Click on Popular Categories List
at TestPages.HomeTest.ClickOnPopularCategories(HomeTest.java:69)
at java.base/java.util.ArrayList.forEach(ArrayList.java:1511)
... Removed 28 stack frames]]>
    </failure>
  </testcase> <!-- ClickOnPopularCategories -->
  <testcase classname="TestPages.HomeTest" name="clickOnLeatherWatchMenShopNowButton" time="24.2"/>
  <testcase classname="TestPages.HomeTest" name="GoToMensNewArrivalCategory" time="26.149"/>
  <testcase classname="TestPages.PLPTest" name="TC_01_ClickOnDialShapeFilter" time="10.449"/>
  <testcase classname="TestPages.PLPTest" name="TC_02_ClickOnAttachmentTypeFilter" time="10.52"/>
  <testcase classname="TestPages.PLPTest" name="TC_03_ClickOnDialColorFilter" time="10.469"/>
  <testcase classname="TestPages.PLPTest" name="TC_04_ClickOnStrapColorFilter" time="10.639"/>
  <testcase classname="TestPages.PLPTest" name="TC_05_ClickOnFirstProduct" time="23.12"/>
  <testcase classname="TestPages.PDPTest" name="TC_01_clickOnRecommondedProductsList" time="14.685"/>
  <testcase classname="TestPages.PDPTest" name="TC_02_AddProductInCart" time="2.314"/>
  <testcase classname="TestPages.MiniCartTest" name="TC_01_QuantityIncrease" time="5.585"/>
  <testcase classname="TestPages.MiniCartTest" name="TC_02_QuantityDecrease" time="3.429"/>
  <testcase classname="TestPages.MiniCartTest" name="TC_03_EnterPincode" time="0.16"/>
  <testcase classname="TestPages.MiniCartTest" name="TC_04_ClickOnCheckoutButton" time="6.625"/>
  <testcase classname="TestPages.CheckoutTest" name="TC_01_verifyCheckoutPage" time="1.448"/>
  <testcase classname="TestPages.CheckoutTest" name="TC_02_fillCheckoutForm" time="8.796"/>
  <testcase classname="TestPages.CheckoutTest" name="TC_03_clickPayNow" time="5.036"/>
</testsuite> <!-- Test -->
