<?xml version="1.0" encoding="UTF-8"?>
<!-- Generated by org.testng.reporters.JUnitXMLReporter -->
<testsuite ignored="0" hostname="DESKTOP-LL1B83L" failures="0" tests="23" name="Test" time="1314.729" errors="0" timestamp="2026-01-21T18:16:46 IST">
  <testcase classname="TestPages.HomeTest" name="clickOnMenBestSellerShopNowButton" time="24.757"/>
  <testcase classname="TestPages.HomeTest" name="clickOnWomenBestSellerShopnowButton" time="24.559"/>
  <testcase classname="TestPages.HomeTest" name="clickLatestReleaseProduct" time="24.636"/>
  <testcase classname="TestPages.HomeTest" name="clickOnAllProductsLatestRelease" time="564.157"/>
  <testcase classname="TestPages.HomeTest" name="clickOnAllLowStockProductCategories" time="128.23"/>
  <testcase classname="TestPages.HomeTest" name="ClickOnPopularCategories" time="25.132"/>
  <testcase classname="TestPages.HomeTest" name="clickOnLeatherWatchMenShopNowButton" time="25.993"/>
  <testcase classname="TestPages.HomeTest" name="GoToMensNewArrivalCategory" time="26.696"/>
  <testcase classname="TestPages.PLPTest" name="TC_01_ClickOnDialShapeFilter" time="10.734"/>
  <testcase classname="TestPages.PLPTest" name="TC_02_ClickOnAttachmentTypeFilter" time="10.581"/>
  <testcase classname="TestPages.PLPTest" name="TC_03_ClickOnDialColorFilter" time="13.914"/>
  <testcase classname="TestPages.PLPTest" name="TC_04_ClickOnStrapColorFilter" time="13.862"/>
  <testcase classname="TestPages.PLPTest" name="TC_05_ClickOnFirstProduct" time="22.609"/>
  <testcase classname="TestPages.PDPTest" name="TC_01_clickOnRecommondedProductsList" time="31.677"/>
  <testcase classname="TestPages.PDPTest" name="TC_02_AddProductInCart" time="2.596"/>
  <testcase classname="TestPages.MiniCartTest" name="TC_01_QuantityIncrease" time="4.958"/>
  <testcase classname="TestPages.MiniCartTest" name="TC_02_QuantityDecrease" time="3.371"/>
  <testcase classname="TestPages.MiniCartTest" name="TC_03_EnterPincode" time="0.408"/>
  <testcase classname="TestPages.MiniCartTest" name="TC_04_ClickOnCheckoutButton" time="6.2"/>
  <testcase classname="TestPages.CheckoutTest" name="TC_01_verifyCheckoutPage" time="0.086"/>
  <testcase classname="TestPages.CheckoutTest" name="TC_02_fillCheckoutForm" time="9.529"/>
  <testcase classname="TestPages.CheckoutTest" name="TC_03_clickPayNow" time="6.854"/>
  <testcase classname="TestPages.CheckoutTest" name="VerifyCheckoutEnable" time="9.054"/>
</testsuite> <!-- Test -->
