<?xml version="1.0" encoding="UTF-8"?>
<testng-results ignored="0" total="23" passed="21" failed="2" skipped="0">
  <reporter-output>
  </reporter-output>
  <suite started-at="2026-03-03T12:13:45 IST" name="Helix Automation Suite" finished-at="2026-03-03T12:18:14 IST" duration-ms="269165">
    <groups>
      <group name="MiniCart">
        <method signature="MiniCartTest.TC_01_QuantityIncrease()[pri:1, instance:TestPages.MiniCartTest@73eb439a]" name="TC_01_QuantityIncrease" class="TestPages.MiniCartTest"/>
        <method signature="MiniCartTest.TC_02_QuantityDecrease()[pri:2, instance:TestPages.MiniCartTest@73eb439a]" name="TC_02_QuantityDecrease" class="TestPages.MiniCartTest"/>
        <method signature="MiniCartTest.TC_03_EnterPincode()[pri:3, instance:TestPages.MiniCartTest@73eb439a]" name="TC_03_EnterPincode" class="TestPages.MiniCartTest"/>
        <method signature="MiniCartTest.TC_04_ClickOnCheckoutButton()[pri:4, instance:TestPages.MiniCartTest@73eb439a]" name="TC_04_ClickOnCheckoutButton" class="TestPages.MiniCartTest"/>
      </group> <!-- MiniCart -->
      <group name="Homepage">
        <method signature="HomeTest.clickOnMenBestSellerShopNowButton()[pri:1, instance:TestPages.HomeTest@173ed316]" name="clickOnMenBestSellerShopNowButton" class="TestPages.HomeTest"/>
        <method signature="HomeTest.clickOnWomenBestSellerShopnowButton()[pri:2, instance:TestPages.HomeTest@173ed316]" name="clickOnWomenBestSellerShopnowButton" class="TestPages.HomeTest"/>
        <method signature="HomeTest.clickLatestReleaseProduct()[pri:3, instance:TestPages.HomeTest@173ed316]" name="clickLatestReleaseProduct" class="TestPages.HomeTest"/>
        <method signature="HomeTest.clickOnAllProductsLatestRelease()[pri:4, instance:TestPages.HomeTest@173ed316]" name="clickOnAllProductsLatestRelease" class="TestPages.HomeTest"/>
        <method signature="HomeTest.ClickOnPopularCategories()[pri:5, instance:TestPages.HomeTest@173ed316]" name="ClickOnPopularCategories" class="TestPages.HomeTest"/>
        <method signature="HomeTest.clickOnLeatherWatchMenShopNowButton()[pri:6, instance:TestPages.HomeTest@173ed316]" name="clickOnLeatherWatchMenShopNowButton" class="TestPages.HomeTest"/>
        <method signature="HomeTest.GoToMensNewArrivalCategory()[pri:7, instance:TestPages.HomeTest@173ed316]" name="GoToMensNewArrivalCategory" class="TestPages.HomeTest"/>
      </group> <!-- Homepage -->
      <group name="CheckOut">
        <method signature="CheckoutTest.TC_01_verifyCheckoutPage()[pri:1, instance:TestPages.CheckoutTest@1040be71]" name="TC_01_verifyCheckoutPage" class="TestPages.CheckoutTest"/>
        <method signature="CheckoutTest.TC_02_fillCheckoutForm()[pri:2, instance:TestPages.CheckoutTest@1040be71]" name="TC_02_fillCheckoutForm" class="TestPages.CheckoutTest"/>
        <method signature="CheckoutTest.TC_03_clickPayNow()[pri:3, instance:TestPages.CheckoutTest@1040be71]" name="TC_03_clickPayNow" class="TestPages.CheckoutTest"/>
        <method signature="CheckoutTest.VerifyCheckoutEnable()[pri:4, instance:TestPages.CheckoutTest@1040be71]" name="VerifyCheckoutEnable" class="TestPages.CheckoutTest"/>
      </group> <!-- CheckOut -->
      <group name="PLP">
        <method signature="PLPTest.TC_01_ClickOnDialShapeFilter()[pri:1, instance:TestPages.PLPTest@3e08ff24]" name="TC_01_ClickOnDialShapeFilter" class="TestPages.PLPTest"/>
        <method signature="PLPTest.TC_02_ClickOnAttachmentTypeFilter()[pri:2, instance:TestPages.PLPTest@3e08ff24]" name="TC_02_ClickOnAttachmentTypeFilter" class="TestPages.PLPTest"/>
        <method signature="PLPTest.TC_03_ClickOnDialColorFilter()[pri:3, instance:TestPages.PLPTest@3e08ff24]" name="TC_03_ClickOnDialColorFilter" class="TestPages.PLPTest"/>
        <method signature="PLPTest.TC_04_ClickOnStrapColorFilter()[pri:4, instance:TestPages.PLPTest@3e08ff24]" name="TC_04_ClickOnStrapColorFilter" class="TestPages.PLPTest"/>
        <method signature="PLPTest.TC_05_ClickOnFirstProduct()[pri:5, instance:TestPages.PLPTest@3e08ff24]" name="TC_05_ClickOnFirstProduct" class="TestPages.PLPTest"/>
      </group> <!-- PLP -->
      <group name="E2EFlow">
        <method signature="E2EFlowTest.Complete_E2E_Flow_Test()[pri:0, instance:TestPages.E2EFlowTest@304bb45b]" name="Complete_E2E_Flow_Test" class="TestPages.E2EFlowTest"/>
      </group> <!-- E2EFlow -->
      <group name="PDP">
        <method signature="PDPTest.TC_01_clickOnRecommondedProductsList()[pri:1, instance:TestPages.PDPTest@4082ba93]" name="TC_01_clickOnRecommondedProductsList" class="TestPages.PDPTest"/>
        <method signature="PDPTest.TC_02_AddProductInCart()[pri:2, instance:TestPages.PDPTest@4082ba93]" name="TC_02_AddProductInCart" class="TestPages.PDPTest"/>
      </group> <!-- PDP -->
    </groups>
    <test started-at="2026-03-03T12:13:45 IST" name="01 - HOME Tests" finished-at="2026-03-03T12:15:54 IST" duration-ms="128870">
      <class name="TestPages.HomeTest">
        <test-method is-config="true" signature="setUpClass()[pri:0, instance:TestPages.HomeTest@173ed316]" started-at="2026-03-03T12:13:46 IST" name="setUpClass" finished-at="2026-03-03T12:13:54 IST" duration-ms="8557" status="PASS">
          <reporter-output>
          </reporter-output>
        </test-method> <!-- setUpClass -->
        <test-method is-config="true" signature="setUpHomePage()[pri:0, instance:TestPages.HomeTest@173ed316]" started-at="2026-03-03T12:13:54 IST" name="setUpHomePage" finished-at="2026-03-03T12:13:54 IST" duration-ms="21" status="PASS">
          <reporter-output>
          </reporter-output>
        </test-method> <!-- setUpHomePage -->
        <test-method signature="clickOnMenBestSellerShopNowButton()[pri:1, instance:TestPages.HomeTest@173ed316]" started-at="2026-03-03T12:13:54 IST" name="clickOnMenBestSellerShopNowButton" finished-at="2026-03-03T12:14:15 IST" duration-ms="20855" status="FAIL">
          <exception class="java.lang.AssertionError">
            <message>
              <![CDATA[Failed to Click on Men BestSeller ShopNow ButtonExpected condition failed: waiting for number of open windows to be 2 (tried for 20 second(s) with 500 milliseconds interval)
Build info: version: '4.25.0', revision: '8a8aea2337'
System info: os.name: 'Windows 11', os.arch: 'amd64', os.version: '10.0', java.version: '17.0.7'
Driver info: org.openqa.selenium.chrome.ChromeDriver
Capabilities {acceptInsecureCerts: false, browserName: chrome, browserVersion: 145.0.7632.117, chrome: {chromedriverVersion: 145.0.7632.117 (de4e5d6e13b..., userDataDir: C:\Users\LYXELA~1\AppData\L...}, fedcm:accounts: true, goog:chromeOptions: {debuggerAddress: localhost:65025}, goog:processID: 18252, networkConnectionEnabled: false, pageLoadStrategy: normal, platformName: windows, proxy: Proxy(), se:cdp: ws://localhost:65025/devtoo..., se:cdpVersion: 145.0.7632.117, setWindowRect: true, strictFileInteractability: false, timeouts: {implicit: 0, pageLoad: 300000, script: 30000}, unhandledPromptBehavior: accept, webauthn:extension:credBlob: true, webauthn:extension:largeBlob: true, webauthn:extension:minPinLength: true, webauthn:extension:prf: true, webauthn:virtualAuthenticators: true}
Session ID: 0da51cf4edfc330e155614340cf4dd86]]>
            </message>
            <full-stacktrace>
              <![CDATA[java.lang.AssertionError: Failed to Click on Men BestSeller ShopNow ButtonExpected condition failed: waiting for number of open windows to be 2 (tried for 20 second(s) with 500 milliseconds interval)
Build info: version: '4.25.0', revision: '8a8aea2337'
System info: os.name: 'Windows 11', os.arch: 'amd64', os.version: '10.0', java.version: '17.0.7'
Driver info: org.openqa.selenium.chrome.ChromeDriver
Capabilities {acceptInsecureCerts: false, browserName: chrome, browserVersion: 145.0.7632.117, chrome: {chromedriverVersion: 145.0.7632.117 (de4e5d6e13b..., userDataDir: C:\Users\LYXELA~1\AppData\L...}, fedcm:accounts: true, goog:chromeOptions: {debuggerAddress: localhost:65025}, goog:processID: 18252, networkConnectionEnabled: false, pageLoadStrategy: normal, platformName: windows, proxy: Proxy(), se:cdp: ws://localhost:65025/devtoo..., se:cdpVersion: 145.0.7632.117, setWindowRect: true, strictFileInteractability: false, timeouts: {implicit: 0, pageLoad: 300000, script: 30000}, unhandledPromptBehavior: accept, webauthn:extension:credBlob: true, webauthn:extension:largeBlob: true, webauthn:extension:minPinLength: true, webauthn:extension:prf: true, webauthn:virtualAuthenticators: true}
Session ID: 0da51cf4edfc330e155614340cf4dd86
at org.testng.Assert.fail(Assert.java:110)
at TestPages.HomeTest.clickOnMenBestSellerShopNowButton(HomeTest.java:28)
at java.base/jdk.internal.reflect.NativeMethodAccessorImpl.invoke0(Native Method)
at java.base/jdk.internal.reflect.NativeMethodAccessorImpl.invoke(NativeMethodAccessorImpl.java:77)
at java.base/jdk.internal.reflect.DelegatingMethodAccessorImpl.invoke(DelegatingMethodAccessorImpl.java:43)
at java.base/java.lang.reflect.Method.invoke(Method.java:568)
at org.testng.internal.invokers.MethodInvocationHelper.invokeMethod(MethodInvocationHelper.java:139)
at org.testng.internal.invokers.TestInvoker.invokeMethod(TestInvoker.java:677)
at org.testng.internal.invokers.TestInvoker.invokeTestMethod(TestInvoker.java:221)
at org.testng.internal.invokers.MethodRunner.runInSequence(MethodRunner.java:50)
at org.testng.internal.invokers.TestInvoker$MethodInvocationAgent.invoke(TestInvoker.java:969)
at org.testng.internal.invokers.TestInvoker.invokeTestMethods(TestInvoker.java:194)
at org.testng.internal.invokers.TestMethodWorker.invokeTestMethods(TestMethodWorker.java:148)
at org.testng.internal.invokers.TestMethodWorker.run(TestMethodWorker.java:128)
at java.base/java.util.ArrayList.forEach(ArrayList.java:1511)
at org.testng.TestRunner.privateRun(TestRunner.java:829)
at org.testng.TestRunner.run(TestRunner.java:602)
at org.testng.SuiteRunner.runTest(SuiteRunner.java:437)
at org.testng.SuiteRunner.runSequentially(SuiteRunner.java:431)
at org.testng.SuiteRunner.privateRun(SuiteRunner.java:391)
at org.testng.SuiteRunner.run(SuiteRunner.java:330)
at org.testng.SuiteRunnerWorker.runSuite(SuiteRunnerWorker.java:52)
at org.testng.SuiteRunnerWorker.run(SuiteRunnerWorker.java:95)
at org.testng.TestNG.runSuitesSequentially(TestNG.java:1256)
at org.testng.TestNG.runSuitesLocally(TestNG.java:1176)
at org.testng.TestNG.runSuites(TestNG.java:1099)
at org.testng.TestNG.run(TestNG.java:1067)
at org.apache.maven.surefire.testng.TestNGExecutor.run(TestNGExecutor.java:308)
at org.apache.maven.surefire.testng.TestNGXmlTestSuite.execute(TestNGXmlTestSuite.java:71)
at org.apache.maven.surefire.testng.TestNGProvider.invoke(TestNGProvider.java:113)
at org.apache.maven.surefire.booter.ForkedBooter.runSuitesInProcess(ForkedBooter.java:385)
at org.apache.maven.surefire.booter.ForkedBooter.execute(ForkedBooter.java:162)
at org.apache.maven.surefire.booter.ForkedBooter.run(ForkedBooter.java:507)
at org.apache.maven.surefire.booter.ForkedBooter.main(ForkedBooter.java:495)
]]>
            </full-stacktrace>
          </exception> <!-- java.lang.AssertionError -->
          <reporter-output>
          </reporter-output>
        </test-method> <!-- clickOnMenBestSellerShopNowButton -->
        <test-method signature="clickOnWomenBestSellerShopnowButton()[pri:2, instance:TestPages.HomeTest@173ed316]" started-at="2026-03-03T12:14:16 IST" name="clickOnWomenBestSellerShopnowButton" finished-at="2026-03-03T12:14:20 IST" duration-ms="3818" status="PASS">
          <reporter-output>
          </reporter-output>
        </test-method> <!-- clickOnWomenBestSellerShopnowButton -->
        <test-method signature="clickLatestReleaseProduct()[pri:3, instance:TestPages.HomeTest@173ed316]" started-at="2026-03-03T12:14:20 IST" name="clickLatestReleaseProduct" finished-at="2026-03-03T12:14:23 IST" duration-ms="3163" status="PASS">
          <reporter-output>
          </reporter-output>
        </test-method> <!-- clickLatestReleaseProduct -->
        <test-method signature="clickOnAllProductsLatestRelease()[pri:4, instance:TestPages.HomeTest@173ed316]" started-at="2026-03-03T12:14:23 IST" name="clickOnAllProductsLatestRelease" finished-at="2026-03-03T12:15:43 IST" duration-ms="80697" status="PASS">
          <reporter-output>
          </reporter-output>
        </test-method> <!-- clickOnAllProductsLatestRelease -->
        <test-method signature="ClickOnPopularCategories()[pri:5, instance:TestPages.HomeTest@173ed316]" started-at="2026-03-03T12:15:43 IST" name="ClickOnPopularCategories" finished-at="2026-03-03T12:15:47 IST" duration-ms="3161" status="PASS">
          <reporter-output>
          </reporter-output>
        </test-method> <!-- ClickOnPopularCategories -->
        <test-method signature="clickOnLeatherWatchMenShopNowButton()[pri:6, instance:TestPages.HomeTest@173ed316]" started-at="2026-03-03T12:15:47 IST" name="clickOnLeatherWatchMenShopNowButton" finished-at="2026-03-03T12:15:51 IST" duration-ms="4098" status="PASS">
          <reporter-output>
          </reporter-output>
        </test-method> <!-- clickOnLeatherWatchMenShopNowButton -->
        <test-method signature="GoToMensNewArrivalCategory()[pri:7, instance:TestPages.HomeTest@173ed316]" started-at="2026-03-03T12:15:51 IST" name="GoToMensNewArrivalCategory" finished-at="2026-03-03T12:15:53 IST" duration-ms="2385" status="PASS">
          <reporter-output>
          </reporter-output>
        </test-method> <!-- GoToMensNewArrivalCategory -->
        <test-method is-config="true" signature="tearDownClass()[pri:0, instance:TestPages.HomeTest@173ed316]" started-at="2026-03-03T12:15:53 IST" name="tearDownClass" finished-at="2026-03-03T12:15:54 IST" duration-ms="1003" status="PASS">
          <reporter-output>
          </reporter-output>
        </test-method> <!-- tearDownClass -->
      </class> <!-- TestPages.HomeTest -->
    </test> <!-- 01 - HOME Tests -->
    <test started-at="2026-03-03T12:15:54 IST" name="02 - PLP Tests" finished-at="2026-03-03T12:16:18 IST" duration-ms="23567">
      <class name="TestPages.PLPTest">
        <test-method is-config="true" signature="setUpClass()[pri:0, instance:TestPages.PLPTest@3e08ff24]" started-at="2026-03-03T12:15:54 IST" name="setUpClass" finished-at="2026-03-03T12:15:59 IST" duration-ms="4692" status="PASS">
          <reporter-output>
          </reporter-output>
        </test-method> <!-- setUpClass -->
        <test-method is-config="true" signature="init()[pri:0, instance:TestPages.PLPTest@3e08ff24]" started-at="2026-03-03T12:15:59 IST" name="init" finished-at="2026-03-03T12:16:01 IST" duration-ms="1814" status="PASS">
          <reporter-output>
          </reporter-output>
        </test-method> <!-- init -->
        <test-method signature="TC_01_ClickOnDialShapeFilter()[pri:1, instance:TestPages.PLPTest@3e08ff24]" started-at="2026-03-03T12:16:01 IST" name="TC_01_ClickOnDialShapeFilter" finished-at="2026-03-03T12:16:04 IST" duration-ms="3404" status="PASS">
          <reporter-output>
          </reporter-output>
        </test-method> <!-- TC_01_ClickOnDialShapeFilter -->
        <test-method signature="TC_02_ClickOnAttachmentTypeFilter()[pri:2, instance:TestPages.PLPTest@3e08ff24]" started-at="2026-03-03T12:16:04 IST" name="TC_02_ClickOnAttachmentTypeFilter" finished-at="2026-03-03T12:16:06 IST" duration-ms="1887" status="PASS">
          <reporter-output>
          </reporter-output>
        </test-method> <!-- TC_02_ClickOnAttachmentTypeFilter -->
        <test-method signature="TC_03_ClickOnDialColorFilter()[pri:3, instance:TestPages.PLPTest@3e08ff24]" started-at="2026-03-03T12:16:06 IST" name="TC_03_ClickOnDialColorFilter" finished-at="2026-03-03T12:16:10 IST" duration-ms="4399" status="PASS">
          <reporter-output>
          </reporter-output>
        </test-method> <!-- TC_03_ClickOnDialColorFilter -->
        <test-method signature="TC_04_ClickOnStrapColorFilter()[pri:4, instance:TestPages.PLPTest@3e08ff24]" started-at="2026-03-03T12:16:10 IST" name="TC_04_ClickOnStrapColorFilter" finished-at="2026-03-03T12:16:15 IST" duration-ms="4331" status="PASS">
          <reporter-output>
          </reporter-output>
        </test-method> <!-- TC_04_ClickOnStrapColorFilter -->
        <test-method signature="TC_05_ClickOnFirstProduct()[pri:5, instance:TestPages.PLPTest@3e08ff24]" started-at="2026-03-03T12:16:15 IST" name="TC_05_ClickOnFirstProduct" finished-at="2026-03-03T12:16:17 IST" duration-ms="2658" status="PASS">
          <reporter-output>
          </reporter-output>
        </test-method> <!-- TC_05_ClickOnFirstProduct -->
        <test-method is-config="true" signature="tearDownClass()[pri:0, instance:TestPages.PLPTest@3e08ff24]" started-at="2026-03-03T12:16:17 IST" name="tearDownClass" finished-at="2026-03-03T12:16:18 IST" duration-ms="364" status="PASS">
          <reporter-output>
          </reporter-output>
        </test-method> <!-- tearDownClass -->
      </class> <!-- TestPages.PLPTest -->
    </test> <!-- 02 - PLP Tests -->
    <test started-at="2026-03-03T12:16:18 IST" name="03 - PDP Tests" finished-at="2026-03-03T12:16:38 IST" duration-ms="20264">
      <class name="TestPages.PDPTest">
        <test-method is-config="true" signature="setUpClass()[pri:0, instance:TestPages.PDPTest@4082ba93]" started-at="2026-03-03T12:16:18 IST" name="setUpClass" finished-at="2026-03-03T12:16:22 IST" duration-ms="4430" status="PASS">
          <reporter-output>
          </reporter-output>
        </test-method> <!-- setUpClass -->
        <test-method is-config="true" signature="init()[pri:0, instance:TestPages.PDPTest@4082ba93]" started-at="2026-03-03T12:16:22 IST" name="init" finished-at="2026-03-03T12:16:27 IST" duration-ms="4390" status="PASS">
          <reporter-output>
          </reporter-output>
        </test-method> <!-- init -->
        <test-method signature="TC_01_clickOnRecommondedProductsList()[pri:1, instance:TestPages.PDPTest@4082ba93]" started-at="2026-03-03T12:16:27 IST" name="TC_01_clickOnRecommondedProductsList" finished-at="2026-03-03T12:16:36 IST" duration-ms="9731" status="PASS">
          <reporter-output>
          </reporter-output>
        </test-method> <!-- TC_01_clickOnRecommondedProductsList -->
        <test-method signature="TC_02_AddProductInCart()[pri:2, instance:TestPages.PDPTest@4082ba93]" started-at="2026-03-03T12:16:36 IST" name="TC_02_AddProductInCart" finished-at="2026-03-03T12:16:38 IST" duration-ms="1421" status="PASS">
          <reporter-output>
          </reporter-output>
        </test-method> <!-- TC_02_AddProductInCart -->
        <test-method is-config="true" signature="tearDownClass()[pri:0, instance:TestPages.PDPTest@4082ba93]" started-at="2026-03-03T12:16:38 IST" name="tearDownClass" finished-at="2026-03-03T12:16:38 IST" duration-ms="286" status="PASS">
          <reporter-output>
          </reporter-output>
        </test-method> <!-- tearDownClass -->
      </class> <!-- TestPages.PDPTest -->
    </test> <!-- 03 - PDP Tests -->
    <test started-at="2026-03-03T12:16:38 IST" name="04 - MINICART Tests" finished-at="2026-03-03T12:16:54 IST" duration-ms="15973">
      <class name="TestPages.MiniCartTest">
        <test-method is-config="true" signature="setUpClass()[pri:0, instance:TestPages.MiniCartTest@73eb439a]" started-at="2026-03-03T12:16:38 IST" name="setUpClass" finished-at="2026-03-03T12:16:42 IST" duration-ms="3545" status="PASS">
          <reporter-output>
          </reporter-output>
        </test-method> <!-- setUpClass -->
        <test-method is-config="true" signature="initFlow()[pri:0, instance:TestPages.MiniCartTest@73eb439a]" started-at="2026-03-03T12:16:42 IST" name="initFlow" finished-at="2026-03-03T12:16:44 IST" duration-ms="2493" status="PASS">
          <reporter-output>
          </reporter-output>
        </test-method> <!-- initFlow -->
        <test-method signature="TC_01_QuantityIncrease()[pri:1, instance:TestPages.MiniCartTest@73eb439a]" started-at="2026-03-03T12:16:44 IST" name="TC_01_QuantityIncrease" finished-at="2026-03-03T12:16:48 IST" duration-ms="4337" status="PASS">
          <reporter-output>
          </reporter-output>
        </test-method> <!-- TC_01_QuantityIncrease -->
        <test-method signature="TC_02_QuantityDecrease()[pri:2, instance:TestPages.MiniCartTest@73eb439a]" started-at="2026-03-03T12:16:48 IST" name="TC_02_QuantityDecrease" finished-at="2026-03-03T12:16:52 IST" duration-ms="3256" status="PASS">
          <reporter-output>
          </reporter-output>
        </test-method> <!-- TC_02_QuantityDecrease -->
        <test-method signature="TC_03_EnterPincode()[pri:3, instance:TestPages.MiniCartTest@73eb439a]" started-at="2026-03-03T12:16:52 IST" name="TC_03_EnterPincode" finished-at="2026-03-03T12:16:52 IST" duration-ms="181" status="FAIL">
          <exception class="java.lang.AssertionError">
            <message>
              <![CDATA[Failed to Enter Pincodeelement not interactable
  (Session info: chrome=145.0.7632.117)
Build info: version: '4.25.0', revision: '8a8aea2337'
System info: os.name: 'Windows 11', os.arch: 'amd64', os.version: '10.0', java.version: '17.0.7'
Driver info: org.openqa.selenium.chrome.ChromeDriver
Command: [0580d38190e8603f6fa19bf8952567f4, sendKeysToElement {id=f.B9121ABD091CCD7289C4BBDDD97D4E13.d.0CA5012B0F620FADBEEA7F9C29CF79D5.e.271, value=[Ljava.lang.CharSequence;@6277a496}]
Capabilities {acceptInsecureCerts: false, browserName: chrome, browserVersion: 145.0.7632.117, chrome: {chromedriverVersion: 145.0.7632.117 (de4e5d6e13b..., userDataDir: C:\Users\LYXELA~1\AppData\L...}, fedcm:accounts: true, goog:chromeOptions: {debuggerAddress: localhost:54402}, goog:processID: 3096, networkConnectionEnabled: false, pageLoadStrategy: normal, platformName: windows, proxy: Proxy(), se:cdp: ws://localhost:54402/devtoo..., se:cdpVersion: 145.0.7632.117, setWindowRect: true, strictFileInteractability: false, timeouts: {implicit: 0, pageLoad: 300000, script: 30000}, unhandledPromptBehavior: accept, webauthn:extension:credBlob: true, webauthn:extension:largeBlob: true, webauthn:extension:minPinLength: true, webauthn:extension:prf: true, webauthn:virtualAuthenticators: true}
Element: [[ChromeDriver: chrome on windows (0580d38190e8603f6fa19bf8952567f4)] -> id: userPincode]
Session ID: 0580d38190e8603f6fa19bf8952567f4]]>
            </message>
            <full-stacktrace>
              <![CDATA[java.lang.AssertionError: Failed to Enter Pincodeelement not interactable
  (Session info: chrome=145.0.7632.117)
Build info: version: '4.25.0', revision: '8a8aea2337'
System info: os.name: 'Windows 11', os.arch: 'amd64', os.version: '10.0', java.version: '17.0.7'
Driver info: org.openqa.selenium.chrome.ChromeDriver
Command: [0580d38190e8603f6fa19bf8952567f4, sendKeysToElement {id=f.B9121ABD091CCD7289C4BBDDD97D4E13.d.0CA5012B0F620FADBEEA7F9C29CF79D5.e.271, value=[Ljava.lang.CharSequence;@6277a496}]
Capabilities {acceptInsecureCerts: false, browserName: chrome, browserVersion: 145.0.7632.117, chrome: {chromedriverVersion: 145.0.7632.117 (de4e5d6e13b..., userDataDir: C:\Users\LYXELA~1\AppData\L...}, fedcm:accounts: true, goog:chromeOptions: {debuggerAddress: localhost:54402}, goog:processID: 3096, networkConnectionEnabled: false, pageLoadStrategy: normal, platformName: windows, proxy: Proxy(), se:cdp: ws://localhost:54402/devtoo..., se:cdpVersion: 145.0.7632.117, setWindowRect: true, strictFileInteractability: false, timeouts: {implicit: 0, pageLoad: 300000, script: 30000}, unhandledPromptBehavior: accept, webauthn:extension:credBlob: true, webauthn:extension:largeBlob: true, webauthn:extension:minPinLength: true, webauthn:extension:prf: true, webauthn:virtualAuthenticators: true}
Element: [[ChromeDriver: chrome on windows (0580d38190e8603f6fa19bf8952567f4)] -> id: userPincode]
Session ID: 0580d38190e8603f6fa19bf8952567f4
at org.testng.Assert.fail(Assert.java:110)
at TestPages.MiniCartTest.TC_03_EnterPincode(MiniCartTest.java:55)
at java.base/jdk.internal.reflect.NativeMethodAccessorImpl.invoke0(Native Method)
at java.base/jdk.internal.reflect.NativeMethodAccessorImpl.invoke(NativeMethodAccessorImpl.java:77)
at java.base/jdk.internal.reflect.DelegatingMethodAccessorImpl.invoke(DelegatingMethodAccessorImpl.java:43)
at java.base/java.lang.reflect.Method.invoke(Method.java:568)
at org.testng.internal.invokers.MethodInvocationHelper.invokeMethod(MethodInvocationHelper.java:139)
at org.testng.internal.invokers.TestInvoker.invokeMethod(TestInvoker.java:677)
at org.testng.internal.invokers.TestInvoker.invokeTestMethod(TestInvoker.java:221)
at org.testng.internal.invokers.MethodRunner.runInSequence(MethodRunner.java:50)
at org.testng.internal.invokers.TestInvoker$MethodInvocationAgent.invoke(TestInvoker.java:969)
at org.testng.internal.invokers.TestInvoker.invokeTestMethods(TestInvoker.java:194)
at org.testng.internal.invokers.TestMethodWorker.invokeTestMethods(TestMethodWorker.java:148)
at org.testng.internal.invokers.TestMethodWorker.run(TestMethodWorker.java:128)
at java.base/java.util.ArrayList.forEach(ArrayList.java:1511)
at org.testng.TestRunner.privateRun(TestRunner.java:829)
at org.testng.TestRunner.run(TestRunner.java:602)
at org.testng.SuiteRunner.runTest(SuiteRunner.java:437)
at org.testng.SuiteRunner.runSequentially(SuiteRunner.java:431)
at org.testng.SuiteRunner.privateRun(SuiteRunner.java:391)
at org.testng.SuiteRunner.run(SuiteRunner.java:330)
at org.testng.SuiteRunnerWorker.runSuite(SuiteRunnerWorker.java:52)
at org.testng.SuiteRunnerWorker.run(SuiteRunnerWorker.java:95)
at org.testng.TestNG.runSuitesSequentially(TestNG.java:1256)
at org.testng.TestNG.runSuitesLocally(TestNG.java:1176)
at org.testng.TestNG.runSuites(TestNG.java:1099)
at org.testng.TestNG.run(TestNG.java:1067)
at org.apache.maven.surefire.testng.TestNGExecutor.run(TestNGExecutor.java:308)
at org.apache.maven.surefire.testng.TestNGXmlTestSuite.execute(TestNGXmlTestSuite.java:71)
at org.apache.maven.surefire.testng.TestNGProvider.invoke(TestNGProvider.java:113)
at org.apache.maven.surefire.booter.ForkedBooter.runSuitesInProcess(ForkedBooter.java:385)
at org.apache.maven.surefire.booter.ForkedBooter.execute(ForkedBooter.java:162)
at org.apache.maven.surefire.booter.ForkedBooter.run(ForkedBooter.java:507)
at org.apache.maven.surefire.booter.ForkedBooter.main(ForkedBooter.java:495)
]]>
            </full-stacktrace>
          </exception> <!-- java.lang.AssertionError -->
          <reporter-output>
          </reporter-output>
        </test-method> <!-- TC_03_EnterPincode -->
        <test-method signature="TC_04_ClickOnCheckoutButton()[pri:4, instance:TestPages.MiniCartTest@73eb439a]" started-at="2026-03-03T12:16:52 IST" name="TC_04_ClickOnCheckoutButton" finished-at="2026-03-03T12:16:52 IST" duration-ms="85" status="PASS">
          <reporter-output>
          </reporter-output>
        </test-method> <!-- TC_04_ClickOnCheckoutButton -->
        <test-method is-config="true" signature="tearDownClass()[pri:0, instance:TestPages.MiniCartTest@73eb439a]" started-at="2026-03-03T12:16:52 IST" name="tearDownClass" finished-at="2026-03-03T12:16:54 IST" duration-ms="1902" status="PASS">
          <reporter-output>
          </reporter-output>
        </test-method> <!-- tearDownClass -->
      </class> <!-- TestPages.MiniCartTest -->
    </test> <!-- 04 - MINICART Tests -->
    <test started-at="2026-03-03T12:16:54 IST" name="05 - CHECKOUT Tests" finished-at="2026-03-03T12:17:35 IST" duration-ms="41147">
      <class name="TestPages.CheckoutTest">
        <test-method is-config="true" signature="setUpClass()[pri:0, instance:TestPages.CheckoutTest@1040be71]" started-at="2026-03-03T12:16:54 IST" name="setUpClass" finished-at="2026-03-03T12:16:57 IST" duration-ms="3483" status="PASS">
          <reporter-output>
          </reporter-output>
        </test-method> <!-- setUpClass -->
        <test-method is-config="true" signature="initFlow()[pri:0, instance:TestPages.CheckoutTest@1040be71]" started-at="2026-03-03T12:16:57 IST" name="initFlow" finished-at="2026-03-03T12:17:07 IST" duration-ms="9072" status="PASS">
          <reporter-output>
          </reporter-output>
        </test-method> <!-- initFlow -->
        <test-method signature="TC_01_verifyCheckoutPage()[pri:1, instance:TestPages.CheckoutTest@1040be71]" started-at="2026-03-03T12:17:07 IST" name="TC_01_verifyCheckoutPage" finished-at="2026-03-03T12:17:07 IST" duration-ms="47" status="PASS">
          <reporter-output>
          </reporter-output>
        </test-method> <!-- TC_01_verifyCheckoutPage -->
        <test-method signature="TC_02_fillCheckoutForm()[pri:2, instance:TestPages.CheckoutTest@1040be71]" started-at="2026-03-03T12:17:07 IST" name="TC_02_fillCheckoutForm" finished-at="2026-03-03T12:17:22 IST" duration-ms="15871" status="PASS">
          <reporter-output>
          </reporter-output>
        </test-method> <!-- TC_02_fillCheckoutForm -->
        <test-method signature="TC_03_clickPayNow()[pri:3, instance:TestPages.CheckoutTest@1040be71]" started-at="2026-03-03T12:17:22 IST" name="TC_03_clickPayNow" finished-at="2026-03-03T12:17:28 IST" duration-ms="5277" status="PASS">
          <reporter-output>
          </reporter-output>
        </test-method> <!-- TC_03_clickPayNow -->
        <test-method signature="VerifyCheckoutEnable()[pri:4, instance:TestPages.CheckoutTest@1040be71]" started-at="2026-03-03T12:17:28 IST" name="VerifyCheckoutEnable" finished-at="2026-03-03T12:17:35 IST" duration-ms="6861" status="PASS">
          <reporter-output>
          </reporter-output>
        </test-method> <!-- VerifyCheckoutEnable -->
        <test-method is-config="true" signature="tearDownClass()[pri:0, instance:TestPages.CheckoutTest@1040be71]" started-at="2026-03-03T12:17:35 IST" name="tearDownClass" finished-at="2026-03-03T12:17:35 IST" duration-ms="531" status="PASS">
          <reporter-output>
          </reporter-output>
        </test-method> <!-- tearDownClass -->
      </class> <!-- TestPages.CheckoutTest -->
    </test> <!-- 05 - CHECKOUT Tests -->
    <test started-at="2026-03-03T12:17:35 IST" name="06 - E2E FLOW Tests" finished-at="2026-03-03T12:18:14 IST" duration-ms="39242">
      <class name="TestPages.E2EFlowTest">
        <test-method is-config="true" signature="setUpClass()[pri:0, instance:TestPages.E2EFlowTest@304bb45b]" started-at="2026-03-03T12:17:35 IST" name="setUpClass" finished-at="2026-03-03T12:17:39 IST" duration-ms="4160" status="PASS">
          <reporter-output>
          </reporter-output>
        </test-method> <!-- setUpClass -->
        <test-method signature="Complete_E2E_Flow_Test()[pri:0, instance:TestPages.E2EFlowTest@304bb45b]" started-at="2026-03-03T12:17:39 IST" name="Complete_E2E_Flow_Test" description="Complete E2E Flow: Home → PLP → PDP → MiniCart → Checkout" finished-at="2026-03-03T12:18:14 IST" duration-ms="34590" status="PASS">
          <reporter-output>
          </reporter-output>
        </test-method> <!-- Complete_E2E_Flow_Test -->
        <test-method is-config="true" signature="tearDownClass()[pri:0, instance:TestPages.E2EFlowTest@304bb45b]" started-at="2026-03-03T12:18:14 IST" name="tearDownClass" finished-at="2026-03-03T12:18:14 IST" duration-ms="486" status="PASS">
          <reporter-output>
          </reporter-output>
        </test-method> <!-- tearDownClass -->
      </class> <!-- TestPages.E2EFlowTest -->
    </test> <!-- 06 - E2E FLOW Tests -->
  </suite> <!-- Helix Automation Suite -->
</testng-results>
