<?xml version="1.0" encoding="UTF-8"?>
<testng-results ignored="0" total="23" passed="23" failed="0" skipped="0">
  <reporter-output>
  </reporter-output>
  <suite started-at="2026-02-09T22:40:07 IST" name="Helix Automation Suite" finished-at="2026-02-09T22:44:11 IST" duration-ms="243988">
    <groups>
      <group name="05_CheckOut">
        <method signature="CheckoutTest.TC_01_verifyCheckoutPage()[pri:1, instance:TestPages.CheckoutTest@65f8f5ae]" name="TC_01_verifyCheckoutPage" class="TestPages.CheckoutTest"/>
        <method signature="CheckoutTest.TC_02_fillCheckoutForm()[pri:2, instance:TestPages.CheckoutTest@65f8f5ae]" name="TC_02_fillCheckoutForm" class="TestPages.CheckoutTest"/>
        <method signature="CheckoutTest.TC_03_clickPayNow()[pri:3, instance:TestPages.CheckoutTest@65f8f5ae]" name="TC_03_clickPayNow" class="TestPages.CheckoutTest"/>
        <method signature="CheckoutTest.VerifyCheckoutEnable()[pri:4, instance:TestPages.CheckoutTest@65f8f5ae]" name="VerifyCheckoutEnable" class="TestPages.CheckoutTest"/>
      </group> <!-- 05_CheckOut -->
      <group name="02_PLP">
        <method signature="PLPTest.TC_01_ClickOnDialShapeFilter()[pri:1, instance:TestPages.PLPTest@1a245833]" name="TC_01_ClickOnDialShapeFilter" class="TestPages.PLPTest"/>
        <method signature="PLPTest.TC_02_ClickOnAttachmentTypeFilter()[pri:2, instance:TestPages.PLPTest@1a245833]" name="TC_02_ClickOnAttachmentTypeFilter" class="TestPages.PLPTest"/>
        <method signature="PLPTest.TC_03_ClickOnDialColorFilter()[pri:3, instance:TestPages.PLPTest@1a245833]" name="TC_03_ClickOnDialColorFilter" class="TestPages.PLPTest"/>
        <method signature="PLPTest.TC_04_ClickOnStrapColorFilter()[pri:4, instance:TestPages.PLPTest@1a245833]" name="TC_04_ClickOnStrapColorFilter" class="TestPages.PLPTest"/>
        <method signature="PLPTest.TC_05_ClickOnFirstProduct()[pri:5, instance:TestPages.PLPTest@1a245833]" name="TC_05_ClickOnFirstProduct" class="TestPages.PLPTest"/>
      </group> <!-- 02_PLP -->
      <group name="03_PDP">
        <method signature="PDPTest.TC_01_clickOnRecommondedProductsList()[pri:1, instance:TestPages.PDPTest@2a8448fa]" name="TC_01_clickOnRecommondedProductsList" class="TestPages.PDPTest"/>
        <method signature="PDPTest.TC_02_AddProductInCart()[pri:2, instance:TestPages.PDPTest@2a8448fa]" name="TC_02_AddProductInCart" class="TestPages.PDPTest"/>
      </group> <!-- 03_PDP -->
      <group name="04_MiniCart">
        <method signature="MiniCartTest.TC_01_QuantityIncrease()[pri:1, instance:TestPages.MiniCartTest@338fc1d8]" name="TC_01_QuantityIncrease" class="TestPages.MiniCartTest"/>
        <method signature="MiniCartTest.TC_02_QuantityDecrease()[pri:2, instance:TestPages.MiniCartTest@338fc1d8]" name="TC_02_QuantityDecrease" class="TestPages.MiniCartTest"/>
        <method signature="MiniCartTest.TC_03_EnterPincode()[pri:3, instance:TestPages.MiniCartTest@338fc1d8]" name="TC_03_EnterPincode" class="TestPages.MiniCartTest"/>
        <method signature="MiniCartTest.TC_04_ClickOnCheckoutButton()[pri:4, instance:TestPages.MiniCartTest@338fc1d8]" name="TC_04_ClickOnCheckoutButton" class="TestPages.MiniCartTest"/>
      </group> <!-- 04_MiniCart -->
      <group name="01_Homepage">
        <method signature="HomeTest.clickOnMenBestSellerShopNowButton()[pri:1, instance:TestPages.HomeTest@5b218417]" name="clickOnMenBestSellerShopNowButton" class="TestPages.HomeTest"/>
        <method signature="HomeTest.clickOnWomenBestSellerShopnowButton()[pri:2, instance:TestPages.HomeTest@5b218417]" name="clickOnWomenBestSellerShopnowButton" class="TestPages.HomeTest"/>
        <method signature="HomeTest.clickLatestReleaseProduct()[pri:3, instance:TestPages.HomeTest@5b218417]" name="clickLatestReleaseProduct" class="TestPages.HomeTest"/>
        <method signature="HomeTest.clickOnAllProductsLatestRelease()[pri:4, instance:TestPages.HomeTest@5b218417]" name="clickOnAllProductsLatestRelease" class="TestPages.HomeTest"/>
        <method signature="HomeTest.ClickOnPopularCategories()[pri:5, instance:TestPages.HomeTest@5b218417]" name="ClickOnPopularCategories" class="TestPages.HomeTest"/>
        <method signature="HomeTest.clickOnLeatherWatchMenShopNowButton()[pri:6, instance:TestPages.HomeTest@5b218417]" name="clickOnLeatherWatchMenShopNowButton" class="TestPages.HomeTest"/>
        <method signature="HomeTest.GoToMensNewArrivalCategory()[pri:7, instance:TestPages.HomeTest@5b218417]" name="GoToMensNewArrivalCategory" class="TestPages.HomeTest"/>
      </group> <!-- 01_Homepage -->
      <group name="06_E2EFlow">
        <method signature="E2EFlowTest.Complete_E2E_Flow_Test()[pri:0, instance:TestPages.E2EFlowTest@4b8d604b]" name="Complete_E2E_Flow_Test" class="TestPages.E2EFlowTest"/>
      </group> <!-- 06_E2EFlow -->
    </groups>
    <test started-at="2026-02-09T22:40:07 IST" name="01 - HOME Tests" finished-at="2026-02-09T22:41:59 IST" duration-ms="112380">
      <class name="TestPages.HomeTest">
        <test-method is-config="true" signature="setUpClass()[pri:0, instance:TestPages.HomeTest@5b218417]" started-at="2026-02-09T22:40:07 IST" name="setUpClass" finished-at="2026-02-09T22:40:12 IST" duration-ms="4748" status="PASS">
          <reporter-output>
          </reporter-output>
        </test-method> <!-- setUpClass -->
        <test-method is-config="true" signature="setUpHomePage()[pri:0, instance:TestPages.HomeTest@5b218417]" started-at="2026-02-09T22:40:12 IST" name="setUpHomePage" finished-at="2026-02-09T22:40:12 IST" duration-ms="8" status="PASS">
          <reporter-output>
          </reporter-output>
        </test-method> <!-- setUpHomePage -->
        <test-method signature="clickOnMenBestSellerShopNowButton()[pri:1, instance:TestPages.HomeTest@5b218417]" started-at="2026-02-09T22:40:12 IST" name="clickOnMenBestSellerShopNowButton" finished-at="2026-02-09T22:40:15 IST" duration-ms="3577" status="PASS">
          <reporter-output>
          </reporter-output>
        </test-method> <!-- clickOnMenBestSellerShopNowButton -->
        <test-method signature="clickOnWomenBestSellerShopnowButton()[pri:2, instance:TestPages.HomeTest@5b218417]" started-at="2026-02-09T22:40:15 IST" name="clickOnWomenBestSellerShopnowButton" finished-at="2026-02-09T22:40:19 IST" duration-ms="3996" status="PASS">
          <reporter-output>
          </reporter-output>
        </test-method> <!-- clickOnWomenBestSellerShopnowButton -->
        <test-method signature="clickLatestReleaseProduct()[pri:3, instance:TestPages.HomeTest@5b218417]" started-at="2026-02-09T22:40:19 IST" name="clickLatestReleaseProduct" finished-at="2026-02-09T22:40:23 IST" duration-ms="3330" status="PASS">
          <reporter-output>
          </reporter-output>
        </test-method> <!-- clickLatestReleaseProduct -->
        <test-method signature="clickOnAllProductsLatestRelease()[pri:4, instance:TestPages.HomeTest@5b218417]" started-at="2026-02-09T22:40:23 IST" name="clickOnAllProductsLatestRelease" finished-at="2026-02-09T22:41:49 IST" duration-ms="86695" status="PASS">
          <reporter-output>
          </reporter-output>
        </test-method> <!-- clickOnAllProductsLatestRelease -->
        <test-method signature="ClickOnPopularCategories()[pri:5, instance:TestPages.HomeTest@5b218417]" started-at="2026-02-09T22:41:49 IST" name="ClickOnPopularCategories" finished-at="2026-02-09T22:41:52 IST" duration-ms="3023" status="PASS">
          <reporter-output>
          </reporter-output>
        </test-method> <!-- ClickOnPopularCategories -->
        <test-method signature="clickOnLeatherWatchMenShopNowButton()[pri:6, instance:TestPages.HomeTest@5b218417]" started-at="2026-02-09T22:41:52 IST" name="clickOnLeatherWatchMenShopNowButton" finished-at="2026-02-09T22:41:56 IST" duration-ms="3766" status="PASS">
          <reporter-output>
          </reporter-output>
        </test-method> <!-- clickOnLeatherWatchMenShopNowButton -->
        <test-method signature="GoToMensNewArrivalCategory()[pri:7, instance:TestPages.HomeTest@5b218417]" started-at="2026-02-09T22:41:56 IST" name="GoToMensNewArrivalCategory" finished-at="2026-02-09T22:41:59 IST" duration-ms="2393" status="PASS">
          <reporter-output>
          </reporter-output>
        </test-method> <!-- GoToMensNewArrivalCategory -->
        <test-method is-config="true" signature="tearDownClass()[pri:0, instance:TestPages.HomeTest@5b218417]" started-at="2026-02-09T22:41:59 IST" name="tearDownClass" finished-at="2026-02-09T22:41:59 IST" duration-ms="479" status="PASS">
          <reporter-output>
          </reporter-output>
        </test-method> <!-- tearDownClass -->
      </class> <!-- TestPages.HomeTest -->
    </test> <!-- 01 - HOME Tests -->
    <test started-at="2026-02-09T22:41:59 IST" name="02 - PLP Tests" finished-at="2026-02-09T22:42:23 IST" duration-ms="23852">
      <class name="TestPages.PLPTest">
        <test-method is-config="true" signature="setUpClass()[pri:0, instance:TestPages.PLPTest@1a245833]" started-at="2026-02-09T22:41:59 IST" name="setUpClass" finished-at="2026-02-09T22:42:02 IST" duration-ms="3311" status="PASS">
          <reporter-output>
          </reporter-output>
        </test-method> <!-- setUpClass -->
        <test-method is-config="true" signature="init()[pri:0, instance:TestPages.PLPTest@1a245833]" started-at="2026-02-09T22:42:02 IST" name="init" finished-at="2026-02-09T22:42:03 IST" duration-ms="1069" status="PASS">
          <reporter-output>
          </reporter-output>
        </test-method> <!-- init -->
        <test-method signature="TC_01_ClickOnDialShapeFilter()[pri:1, instance:TestPages.PLPTest@1a245833]" started-at="2026-02-09T22:42:03 IST" name="TC_01_ClickOnDialShapeFilter" finished-at="2026-02-09T22:42:07 IST" duration-ms="3784" status="PASS">
          <reporter-output>
          </reporter-output>
        </test-method> <!-- TC_01_ClickOnDialShapeFilter -->
        <test-method signature="TC_02_ClickOnAttachmentTypeFilter()[pri:2, instance:TestPages.PLPTest@1a245833]" started-at="2026-02-09T22:42:07 IST" name="TC_02_ClickOnAttachmentTypeFilter" finished-at="2026-02-09T22:42:10 IST" duration-ms="2497" status="PASS">
          <reporter-output>
          </reporter-output>
        </test-method> <!-- TC_02_ClickOnAttachmentTypeFilter -->
        <test-method signature="TC_03_ClickOnDialColorFilter()[pri:3, instance:TestPages.PLPTest@1a245833]" started-at="2026-02-09T22:42:10 IST" name="TC_03_ClickOnDialColorFilter" finished-at="2026-02-09T22:42:14 IST" duration-ms="4310" status="PASS">
          <reporter-output>
          </reporter-output>
        </test-method> <!-- TC_03_ClickOnDialColorFilter -->
        <test-method signature="TC_04_ClickOnStrapColorFilter()[pri:4, instance:TestPages.PLPTest@1a245833]" started-at="2026-02-09T22:42:14 IST" name="TC_04_ClickOnStrapColorFilter" finished-at="2026-02-09T22:42:19 IST" duration-ms="4705" status="PASS">
          <reporter-output>
          </reporter-output>
        </test-method> <!-- TC_04_ClickOnStrapColorFilter -->
        <test-method signature="TC_05_ClickOnFirstProduct()[pri:5, instance:TestPages.PLPTest@1a245833]" started-at="2026-02-09T22:42:19 IST" name="TC_05_ClickOnFirstProduct" finished-at="2026-02-09T22:42:23 IST" duration-ms="3779" status="PASS">
          <reporter-output>
          </reporter-output>
        </test-method> <!-- TC_05_ClickOnFirstProduct -->
        <test-method is-config="true" signature="tearDownClass()[pri:0, instance:TestPages.PLPTest@1a245833]" started-at="2026-02-09T22:42:23 IST" name="tearDownClass" finished-at="2026-02-09T22:42:23 IST" duration-ms="383" status="PASS">
          <reporter-output>
          </reporter-output>
        </test-method> <!-- tearDownClass -->
      </class> <!-- TestPages.PLPTest -->
    </test> <!-- 02 - PLP Tests -->
    <test started-at="2026-02-09T22:42:23 IST" name="03 - PDP Tests" finished-at="2026-02-09T22:42:39 IST" duration-ms="16546">
      <class name="TestPages.PDPTest">
        <test-method is-config="true" signature="setUpClass()[pri:0, instance:TestPages.PDPTest@2a8448fa]" started-at="2026-02-09T22:42:23 IST" name="setUpClass" finished-at="2026-02-09T22:42:26 IST" duration-ms="2772" status="PASS">
          <reporter-output>
          </reporter-output>
        </test-method> <!-- setUpClass -->
        <test-method is-config="true" signature="init()[pri:0, instance:TestPages.PDPTest@2a8448fa]" started-at="2026-02-09T22:42:26 IST" name="init" finished-at="2026-02-09T22:42:28 IST" duration-ms="2131" status="PASS">
          <reporter-output>
          </reporter-output>
        </test-method> <!-- init -->
        <test-method signature="TC_01_clickOnRecommondedProductsList()[pri:1, instance:TestPages.PDPTest@2a8448fa]" started-at="2026-02-09T22:42:28 IST" name="TC_01_clickOnRecommondedProductsList" finished-at="2026-02-09T22:42:38 IST" duration-ms="9930" status="PASS">
          <reporter-output>
          </reporter-output>
        </test-method> <!-- TC_01_clickOnRecommondedProductsList -->
        <test-method signature="TC_02_AddProductInCart()[pri:2, instance:TestPages.PDPTest@2a8448fa]" started-at="2026-02-09T22:42:38 IST" name="TC_02_AddProductInCart" finished-at="2026-02-09T22:42:39 IST" duration-ms="1364" status="PASS">
          <reporter-output>
          </reporter-output>
        </test-method> <!-- TC_02_AddProductInCart -->
        <test-method is-config="true" signature="tearDownClass()[pri:0, instance:TestPages.PDPTest@2a8448fa]" started-at="2026-02-09T22:42:39 IST" name="tearDownClass" finished-at="2026-02-09T22:42:39 IST" duration-ms="341" status="PASS">
          <reporter-output>
          </reporter-output>
        </test-method> <!-- tearDownClass -->
      </class> <!-- TestPages.PDPTest -->
    </test> <!-- 03 - PDP Tests -->
    <test started-at="2026-02-09T22:42:39 IST" name="04 - MINICART Tests" finished-at="2026-02-09T22:43:00 IST" duration-ms="20671">
      <class name="TestPages.MiniCartTest">
        <test-method is-config="true" signature="setUpClass()[pri:0, instance:TestPages.MiniCartTest@338fc1d8]" started-at="2026-02-09T22:42:39 IST" name="setUpClass" finished-at="2026-02-09T22:42:42 IST" duration-ms="2976" status="PASS">
          <reporter-output>
          </reporter-output>
        </test-method> <!-- setUpClass -->
        <test-method is-config="true" signature="initFlow()[pri:0, instance:TestPages.MiniCartTest@338fc1d8]" started-at="2026-02-09T22:42:42 IST" name="initFlow" finished-at="2026-02-09T22:42:45 IST" duration-ms="3012" status="PASS">
          <reporter-output>
          </reporter-output>
        </test-method> <!-- initFlow -->
        <test-method signature="TC_01_QuantityIncrease()[pri:1, instance:TestPages.MiniCartTest@338fc1d8]" started-at="2026-02-09T22:42:45 IST" name="TC_01_QuantityIncrease" finished-at="2026-02-09T22:42:50 IST" duration-ms="4337" status="PASS">
          <reporter-output>
          </reporter-output>
        </test-method> <!-- TC_01_QuantityIncrease -->
        <test-method signature="TC_02_QuantityDecrease()[pri:2, instance:TestPages.MiniCartTest@338fc1d8]" started-at="2026-02-09T22:42:50 IST" name="TC_02_QuantityDecrease" finished-at="2026-02-09T22:42:53 IST" duration-ms="3300" status="PASS">
          <reporter-output>
          </reporter-output>
        </test-method> <!-- TC_02_QuantityDecrease -->
        <test-method signature="TC_03_EnterPincode()[pri:3, instance:TestPages.MiniCartTest@338fc1d8]" started-at="2026-02-09T22:42:53 IST" name="TC_03_EnterPincode" finished-at="2026-02-09T22:42:53 IST" duration-ms="191" status="PASS">
          <reporter-output>
          </reporter-output>
        </test-method> <!-- TC_03_EnterPincode -->
        <test-method signature="TC_04_ClickOnCheckoutButton()[pri:4, instance:TestPages.MiniCartTest@338fc1d8]" started-at="2026-02-09T22:42:53 IST" name="TC_04_ClickOnCheckoutButton" finished-at="2026-02-09T22:43:00 IST" duration-ms="6431" status="PASS">
          <reporter-output>
          </reporter-output>
        </test-method> <!-- TC_04_ClickOnCheckoutButton -->
        <test-method is-config="true" signature="tearDownClass()[pri:0, instance:TestPages.MiniCartTest@338fc1d8]" started-at="2026-02-09T22:43:00 IST" name="tearDownClass" finished-at="2026-02-09T22:43:00 IST" duration-ms="408" status="PASS">
          <reporter-output>
          </reporter-output>
        </test-method> <!-- tearDownClass -->
      </class> <!-- TestPages.MiniCartTest -->
    </test> <!-- 04 - MINICART Tests -->
    <test started-at="2026-02-09T22:43:00 IST" name="05 - CHECKOUT Tests" finished-at="2026-02-09T22:43:38 IST" duration-ms="37461">
      <class name="TestPages.CheckoutTest">
        <test-method is-config="true" signature="setUpClass()[pri:0, instance:TestPages.CheckoutTest@65f8f5ae]" started-at="2026-02-09T22:43:00 IST" name="setUpClass" finished-at="2026-02-09T22:43:03 IST" duration-ms="2938" status="PASS">
          <reporter-output>
          </reporter-output>
        </test-method> <!-- setUpClass -->
        <test-method is-config="true" signature="initFlow()[pri:0, instance:TestPages.CheckoutTest@65f8f5ae]" started-at="2026-02-09T22:43:03 IST" name="initFlow" finished-at="2026-02-09T22:43:11 IST" duration-ms="7681" status="PASS">
          <reporter-output>
          </reporter-output>
        </test-method> <!-- initFlow -->
        <test-method signature="TC_01_verifyCheckoutPage()[pri:1, instance:TestPages.CheckoutTest@65f8f5ae]" started-at="2026-02-09T22:43:11 IST" name="TC_01_verifyCheckoutPage" finished-at="2026-02-09T22:43:11 IST" duration-ms="38" status="PASS">
          <reporter-output>
          </reporter-output>
        </test-method> <!-- TC_01_verifyCheckoutPage -->
        <test-method signature="TC_02_fillCheckoutForm()[pri:2, instance:TestPages.CheckoutTest@65f8f5ae]" started-at="2026-02-09T22:43:11 IST" name="TC_02_fillCheckoutForm" finished-at="2026-02-09T22:43:24 IST" duration-ms="12866" status="PASS">
          <reporter-output>
          </reporter-output>
        </test-method> <!-- TC_02_fillCheckoutForm -->
        <test-method signature="TC_03_clickPayNow()[pri:3, instance:TestPages.CheckoutTest@65f8f5ae]" started-at="2026-02-09T22:43:24 IST" name="TC_03_clickPayNow" finished-at="2026-02-09T22:43:29 IST" duration-ms="5087" status="PASS">
          <reporter-output>
          </reporter-output>
        </test-method> <!-- TC_03_clickPayNow -->
        <test-method signature="VerifyCheckoutEnable()[pri:4, instance:TestPages.CheckoutTest@65f8f5ae]" started-at="2026-02-09T22:43:29 IST" name="VerifyCheckoutEnable" finished-at="2026-02-09T22:43:37 IST" duration-ms="8428" status="PASS">
          <reporter-output>
          </reporter-output>
        </test-method> <!-- VerifyCheckoutEnable -->
        <test-method is-config="true" signature="tearDownClass()[pri:0, instance:TestPages.CheckoutTest@65f8f5ae]" started-at="2026-02-09T22:43:37 IST" name="tearDownClass" finished-at="2026-02-09T22:43:38 IST" duration-ms="412" status="PASS">
          <reporter-output>
          </reporter-output>
        </test-method> <!-- tearDownClass -->
      </class> <!-- TestPages.CheckoutTest -->
    </test> <!-- 05 - CHECKOUT Tests -->
    <test started-at="2026-02-09T22:43:38 IST" name="06 - E2E FLOW Tests" finished-at="2026-02-09T22:44:11 IST" duration-ms="32981">
      <class name="TestPages.E2EFlowTest">
        <test-method is-config="true" signature="setUpClass()[pri:0, instance:TestPages.E2EFlowTest@4b8d604b]" started-at="2026-02-09T22:43:38 IST" name="setUpClass" finished-at="2026-02-09T22:43:41 IST" duration-ms="2913" status="PASS">
          <reporter-output>
          </reporter-output>
        </test-method> <!-- setUpClass -->
        <test-method signature="Complete_E2E_Flow_Test()[pri:0, instance:TestPages.E2EFlowTest@4b8d604b]" started-at="2026-02-09T22:43:41 IST" name="Complete_E2E_Flow_Test" description="Complete E2E Flow: Home → PLP → PDP → MiniCart → Checkout" finished-at="2026-02-09T22:44:10 IST" duration-ms="29616" status="PASS">
          <reporter-output>
          </reporter-output>
        </test-method> <!-- Complete_E2E_Flow_Test -->
        <test-method is-config="true" signature="tearDownClass()[pri:0, instance:TestPages.E2EFlowTest@4b8d604b]" started-at="2026-02-09T22:44:10 IST" name="tearDownClass" finished-at="2026-02-09T22:44:11 IST" duration-ms="446" status="PASS">
          <reporter-output>
          </reporter-output>
        </test-method> <!-- tearDownClass -->
      </class> <!-- TestPages.E2EFlowTest -->
    </test> <!-- 06 - E2E FLOW Tests -->
  </suite> <!-- Helix Automation Suite -->
</testng-results>
