<?xml version="1.0" encoding="UTF-8"?>
<testng-results ignored="0" total="4" passed="4" failed="0" skipped="0">
  <reporter-output>
  </reporter-output>
  <suite started-at="2026-01-14T14:06:22 IST" name="Default suite" finished-at="2026-01-14T14:08:05 IST" duration-ms="103403">
    <groups>
    </groups>
    <test started-at="2026-01-14T14:06:22 IST" name="Default test" finished-at="2026-01-14T14:08:05 IST" duration-ms="103403">
      <class name="TestPages.CheckoutTest">
        <test-method is-config="true" signature="setUpClass()[pri:0, instance:TestPages.CheckoutTest@6bbe85a8]" started-at="2026-01-14T14:06:22 IST" name="setUpClass" finished-at="2026-01-14T14:06:47 IST" duration-ms="24878" status="PASS">
          <reporter-output>
          </reporter-output>
        </test-method> <!-- setUpClass -->
        <test-method is-config="true" signature="initFlow()[pri:0, instance:TestPages.CheckoutTest@6bbe85a8]" started-at="2026-01-14T14:06:47 IST" name="initFlow" finished-at="2026-01-14T14:07:46 IST" duration-ms="59061" status="PASS">
          <reporter-output>
          </reporter-output>
        </test-method> <!-- initFlow -->
        <test-method signature="TC_01_verifyCheckoutPage()[pri:1, instance:TestPages.CheckoutTest@6bbe85a8]" started-at="2026-01-14T14:07:46 IST" name="TC_01_verifyCheckoutPage" finished-at="2026-01-14T14:07:46 IST" duration-ms="84" status="PASS">
          <reporter-output>
          </reporter-output>
        </test-method> <!-- TC_01_verifyCheckoutPage -->
        <test-method signature="TC_02_fillCheckoutForm()[pri:2, instance:TestPages.CheckoutTest@6bbe85a8]" started-at="2026-01-14T14:07:46 IST" name="TC_02_fillCheckoutForm" finished-at="2026-01-14T14:07:53 IST" depends-on-methods="TestPages.CheckoutTest.TC_01_verifyCheckoutPage" duration-ms="7467" status="PASS">
          <reporter-output>
          </reporter-output>
        </test-method> <!-- TC_02_fillCheckoutForm -->
        <test-method signature="TC_03_clickPayNow()[pri:3, instance:TestPages.CheckoutTest@6bbe85a8]" started-at="2026-01-14T14:07:53 IST" name="TC_03_clickPayNow" finished-at="2026-01-14T14:07:58 IST" depends-on-methods="TestPages.CheckoutTest.TC_02_fillCheckoutForm" duration-ms="5079" status="PASS">
          <reporter-output>
          </reporter-output>
        </test-method> <!-- TC_03_clickPayNow -->
        <test-method signature="VerifyCheckoutEnable()[pri:4, instance:TestPages.CheckoutTest@6bbe85a8]" started-at="2026-01-14T14:07:58 IST" name="VerifyCheckoutEnable" description="Verify Secure Checkout section is visible and enabled" finished-at="2026-01-14T14:08:05 IST" duration-ms="6762" status="PASS">
          <reporter-output>
          </reporter-output>
        </test-method> <!-- VerifyCheckoutEnable -->
      </class> <!-- TestPages.CheckoutTest -->
    </test> <!-- Default test -->
  </suite> <!-- Default suite -->
</testng-results>
