<?xml version="1.0" encoding="UTF-8"?>
<!-- Generated by org.testng.reporters.JUnitReportReporter -->
<testsuite hostname="DESKTOP-LL1B83L" failures="0" tests="4" name="TestPages.CheckoutTest" time="19.392" errors="0" timestamp="2026-01-14T14:08:05 IST" skipped="0">
  <testcase classname="TestPages.CheckoutTest" name="TC_01_verifyCheckoutPage" time="0.084"/>
  <system-out/>
  <testcase classname="TestPages.CheckoutTest" name="TC_02_fillCheckoutForm" time="7.467"/>
  <system-out/>
  <testcase classname="TestPages.CheckoutTest" name="TC_03_clickPayNow" time="5.079"/>
  <system-out/>
  <testcase classname="TestPages.CheckoutTest" name="VerifyCheckoutEnable" time="6.762"/>
  <system-out/>
</testsuite> <!-- TestPages.CheckoutTest -->
