<?xml version="1.0" encoding="UTF-8"?>
<!-- Generated by org.testng.reporters.JUnitReportReporter -->
<testsuite hostname="DESKTOP-LL1B83L" failures="0" tests="5" name="TestPages.PLPTest" time="19.075" errors="0" timestamp="2026-02-09T22:44:12 IST" skipped="0">
  <testcase classname="TestPages.PLPTest" name="TC_01_ClickOnDialShapeFilter" time="3.784"/>
  <system-out/>
  <testcase classname="TestPages.PLPTest" name="TC_02_ClickOnAttachmentTypeFilter" time="2.497"/>
  <system-out/>
  <testcase classname="TestPages.PLPTest" name="TC_03_ClickOnDialColorFilter" time="4.310"/>
  <system-out/>
  <testcase classname="TestPages.PLPTest" name="TC_04_ClickOnStrapColorFilter" time="4.705"/>
  <system-out/>
  <testcase classname="TestPages.PLPTest" name="TC_05_ClickOnFirstProduct" time="3.779"/>
  <system-out/>
</testsuite> <!-- TestPages.PLPTest -->
