<?xml version="1.0" encoding="UTF-8"?>
<!-- Generated by org.testng.reporters.JUnitReportReporter -->
<testsuite hostname="DESKTOP-LL1B83L" failures="0" tests="4" name="TestPages.CheckoutTest" time="26.419" errors="0" timestamp="2026-02-09T22:44:12 IST" skipped="0">
  <testcase classname="TestPages.CheckoutTest" name="TC_01_verifyCheckoutPage" time="0.038"/>
  <system-out/>
  <testcase classname="TestPages.CheckoutTest" name="TC_02_fillCheckoutForm" time="12.866"/>
  <system-out/>
  <testcase classname="TestPages.CheckoutTest" name="TC_03_clickPayNow" time="5.087"/>
  <system-out/>
  <testcase classname="TestPages.CheckoutTest" name="VerifyCheckoutEnable" time="8.428"/>
  <system-out/>
</testsuite> <!-- TestPages.CheckoutTest -->
