<?xml version="1.0" encoding="UTF-8"?>
<!-- Generated by org.testng.reporters.JUnitReportReporter -->
<testsuite hostname="DESKTOP-LL1B83L" failures="0" tests="2" name="TestPages.PDPTest" time="11.294" errors="0" timestamp="2026-02-09T22:44:12 IST" skipped="0">
  <testcase classname="TestPages.PDPTest" name="TC_01_clickOnRecommondedProductsList" time="9.930"/>
  <system-out/>
  <testcase classname="TestPages.PDPTest" name="TC_02_AddProductInCart" time="1.364"/>
  <system-out/>
</testsuite> <!-- TestPages.PDPTest -->
