<?xml version="1.0" encoding="UTF-8"?>
<!-- Generated by org.testng.reporters.JUnitReportReporter -->
<testsuite hostname="DESKTOP-LL1B83L" failures="0" tests="4" name="TestPages.MiniCartTest" time="15.799" errors="0" timestamp="2026-01-14T13:54:48 IST" skipped="0">
  <testcase classname="TestPages.MiniCartTest" name="TC_01_QuantityIncrease" time="5.585"/>
  <system-out/>
  <testcase classname="TestPages.MiniCartTest" name="TC_02_QuantityDecrease" time="3.429"/>
  <system-out/>
  <testcase classname="TestPages.MiniCartTest" name="TC_03_EnterPincode" time="0.160"/>
  <system-out/>
  <testcase classname="TestPages.MiniCartTest" name="TC_04_ClickOnCheckoutButton" time="6.625"/>
  <system-out/>
</testsuite> <!-- TestPages.MiniCartTest -->
