<?xml version="1.0" encoding="UTF-8"?>
<!-- Generated by org.testng.reporters.JUnitReportReporter -->
<testsuite hostname="DESKTOP-LL1B83L" failures="0" tests="2" name="TestPages.PDPTest" time="16.135" errors="0" timestamp="2026-01-07T17:41:38 IST" skipped="0">
  <testcase classname="TestPages.PDPTest" name="TC_01_clickOnRecommondedProducts" time="13.661"/>
  <system-out/>
  <testcase classname="TestPages.PDPTest" name="TC_02_AddProductInCart" time="2.474"/>
  <system-out/>
</testsuite> <!-- TestPages.PDPTest -->
