<?xml version="1.0" encoding="UTF-8"?>
<!-- Generated by org.testng.reporters.JUnitReportReporter -->
<testsuite hostname="DESKTOP-LL1B83L" failures="0" tests="5" name="TestPages.PLPTest" time="65.197" errors="0" timestamp="2026-01-14T13:54:48 IST" skipped="0">
  <testcase classname="TestPages.PLPTest" name="TC_01_ClickOnDialShapeFilter" time="10.449"/>
  <system-out/>
  <testcase classname="TestPages.PLPTest" name="TC_02_ClickOnAttachmentTypeFilter" time="10.520"/>
  <system-out/>
  <testcase classname="TestPages.PLPTest" name="TC_03_ClickOnDialColorFilter" time="10.469"/>
  <system-out/>
  <testcase classname="TestPages.PLPTest" name="TC_04_ClickOnStrapColorFilter" time="10.639"/>
  <system-out/>
  <testcase classname="TestPages.PLPTest" name="TC_05_ClickOnFirstProduct" time="23.120"/>
  <system-out/>
</testsuite> <!-- TestPages.PLPTest -->
