<?xml version="1.0" encoding="UTF-8"?>
<!-- Generated by org.testng.reporters.JUnitReportReporter -->
<testsuite hostname="DESKTOP-LL1B83L" failures="1" tests="8" name="TestPages.HomeTest" time="807.485" errors="0" timestamp="2026-01-14T13:54:48 IST" skipped="0">
  <testcase classname="TestPages.HomeTest" name="clickOnMenBestSellerShopNowButton" time="23.917"/>
  <system-out/>
  <testcase classname="TestPages.HomeTest" name="clickOnWomenBestSellerShopnowButton" time="23.961"/>
  <system-out/>
  <testcase classname="TestPages.HomeTest" name="clickLatestReleaseProduct" time="30.429"/>
  <system-out/>
  <testcase classname="TestPages.HomeTest" name="clickOnAllProductsLatestRelease" time="539.184"/>
  <system-out/>
  <testcase classname="TestPages.HomeTest" name="clickOnAllLowStockProductCategories" time="123.848"/>
  <system-out/>
  <testcase classname="TestPages.HomeTest" name="ClickOnPopularCategories" time="15.797">
    <failure message="Failed to Click on Popular Categories List" type="java.lang.AssertionError">
      <![CDATA[java.lang.AssertionError: Failed to Click on Popular Categories List
at org.testng.Assert.fail(Assert.java:110)
at TestPages.HomeTest.ClickOnPopularCategories(HomeTest.java:69)
at java.base/jdk.internal.reflect.NativeMethodAccessorImpl.invoke0(Native Method)
at java.base/jdk.internal.reflect.NativeMethodAccessorImpl.invoke(NativeMethodAccessorImpl.java:77)
at java.base/jdk.internal.reflect.DelegatingMethodAccessorImpl.invoke(DelegatingMethodAccessorImpl.java:43)
at java.base/java.lang.reflect.Method.invoke(Method.java:568)
at org.testng.internal.invokers.MethodInvocationHelper.invokeMethod(MethodInvocationHelper.java:139)
at org.testng.internal.invokers.TestInvoker.invokeMethod(TestInvoker.java:677)
at org.testng.internal.invokers.TestInvoker.invokeTestMethod(TestInvoker.java:221)
at org.testng.internal.invokers.MethodRunner.runInSequence(MethodRunner.java:50)
at org.testng.internal.invokers.TestInvoker$MethodInvocationAgent.invoke(TestInvoker.java:969)
at org.testng.internal.invokers.TestInvoker.invokeTestMethods(TestInvoker.java:194)
at org.testng.internal.invokers.TestMethodWorker.invokeTestMethods(TestMethodWorker.java:148)
at org.testng.internal.invokers.TestMethodWorker.run(TestMethodWorker.java:128)
at java.base/java.util.ArrayList.forEach(ArrayList.java:1511)
at org.testng.TestRunner.privateRun(TestRunner.java:829)
at org.testng.TestRunner.run(TestRunner.java:602)
at org.testng.SuiteRunner.runTest(SuiteRunner.java:437)
at org.testng.SuiteRunner.runSequentially(SuiteRunner.java:431)
at org.testng.SuiteRunner.privateRun(SuiteRunner.java:391)
at org.testng.SuiteRunner.run(SuiteRunner.java:330)
at org.testng.SuiteRunnerWorker.runSuite(SuiteRunnerWorker.java:52)
at org.testng.SuiteRunnerWorker.run(SuiteRunnerWorker.java:95)
at org.testng.TestNG.runSuitesSequentially(TestNG.java:1256)
at org.testng.TestNG.runSuitesLocally(TestNG.java:1176)
at org.testng.TestNG.runSuites(TestNG.java:1099)
at org.testng.TestNG.run(TestNG.java:1067)
at org.testng.remote.AbstractRemoteTestNG.run(AbstractRemoteTestNG.java:115)
at org.testng.remote.RemoteTestNG.initAndRun(RemoteTestNG.java:251)
at org.testng.remote.RemoteTestNG.main(RemoteTestNG.java:77)
]]>
    </failure>
  </testcase> <!-- ClickOnPopularCategories -->
  <system-out/>
  <testcase classname="TestPages.HomeTest" name="clickOnLeatherWatchMenShopNowButton" time="24.200"/>
  <system-out/>
  <testcase classname="TestPages.HomeTest" name="GoToMensNewArrivalCategory" time="26.149"/>
  <system-out/>
</testsuite> <!-- TestPages.HomeTest -->
