<?xml version="1.0" encoding="UTF-8"?>
<!-- Generated by org.testng.reporters.JUnitReportReporter -->
<testsuite hostname="DESKTOP-LL1B83L" failures="0" tests="7" name="TestPages.HomeTest" time="106.780" errors="0" timestamp="2026-02-09T22:44:12 IST" skipped="0">
  <testcase classname="TestPages.HomeTest" name="clickOnMenBestSellerShopNowButton" time="3.577"/>
  <system-out/>
  <testcase classname="TestPages.HomeTest" name="clickOnWomenBestSellerShopnowButton" time="3.996"/>
  <system-out/>
  <testcase classname="TestPages.HomeTest" name="clickLatestReleaseProduct" time="3.330"/>
  <system-out/>
  <testcase classname="TestPages.HomeTest" name="clickOnAllProductsLatestRelease" time="86.695"/>
  <system-out/>
  <testcase classname="TestPages.HomeTest" name="ClickOnPopularCategories" time="3.023"/>
  <system-out/>
  <testcase classname="TestPages.HomeTest" name="clickOnLeatherWatchMenShopNowButton" time="3.766"/>
  <system-out/>
  <testcase classname="TestPages.HomeTest" name="GoToMensNewArrivalCategory" time="2.393"/>
  <system-out/>
</testsuite> <!-- TestPages.HomeTest -->
