<?xml version="1.0" encoding="UTF-8"?>
<!-- Generated by org.testng.reporters.JUnitReportReporter -->
<testsuite hostname="DESKTOP-LL1B83L" failures="0" tests="4" name="TestPages.MiniCartTest" time="14.259" errors="0" timestamp="2026-02-09T22:44:12 IST" skipped="0">
  <testcase classname="TestPages.MiniCartTest" name="TC_01_QuantityIncrease" time="4.337"/>
  <system-out/>
  <testcase classname="TestPages.MiniCartTest" name="TC_02_QuantityDecrease" time="3.300"/>
  <system-out/>
  <testcase classname="TestPages.MiniCartTest" name="TC_03_EnterPincode" time="0.191"/>
  <system-out/>
  <testcase classname="TestPages.MiniCartTest" name="TC_04_ClickOnCheckoutButton" time="6.431"/>
  <system-out/>
</testsuite> <!-- TestPages.MiniCartTest -->
