<?xml version="1.0" encoding="UTF-8"?>
<!-- Generated by org.testng.reporters.JUnitReportReporter -->
<testsuite hostname="DESKTOP-LL1B83L" failures="0" tests="2" name="TestPages.PDPTest" time="11.152" errors="0" timestamp="2026-03-03T12:18:16 IST" skipped="0">
  <testcase classname="TestPages.PDPTest" name="TC_01_clickOnRecommondedProductsList" time="9.731"/>
  <system-out/>
  <testcase classname="TestPages.PDPTest" name="TC_02_AddProductInCart" time="1.421"/>
  <system-out/>
</testsuite> <!-- TestPages.PDPTest -->
