<?xml version="1.0" encoding="UTF-8"?>
<!-- Generated by org.testng.reporters.JUnitReportReporter -->
<testsuite hostname="DESKTOP-LL1B83L" failures="0" tests="5" name="TestPages.PLPTest" time="16.679" errors="0" timestamp="2026-03-03T12:18:16 IST" skipped="0">
  <testcase classname="TestPages.PLPTest" name="TC_01_ClickOnDialShapeFilter" time="3.404"/>
  <system-out/>
  <testcase classname="TestPages.PLPTest" name="TC_02_ClickOnAttachmentTypeFilter" time="1.887"/>
  <system-out/>
  <testcase classname="TestPages.PLPTest" name="TC_03_ClickOnDialColorFilter" time="4.399"/>
  <system-out/>
  <testcase classname="TestPages.PLPTest" name="TC_04_ClickOnStrapColorFilter" time="4.331"/>
  <system-out/>
  <testcase classname="TestPages.PLPTest" name="TC_05_ClickOnFirstProduct" time="2.658"/>
  <system-out/>
</testsuite> <!-- TestPages.PLPTest -->
