<?xml version="1.0" encoding="UTF-8"?>
<!-- Generated by org.testng.reporters.JUnitReportReporter -->
<testsuite hostname="DESKTOP-LL1B83L" failures="0" tests="4" name="TestPages.CheckoutTest" time="28.056" errors="0" timestamp="2026-03-03T12:18:16 IST" skipped="0">
  <testcase classname="TestPages.CheckoutTest" name="TC_01_verifyCheckoutPage" time="0.047"/>
  <system-out/>
  <testcase classname="TestPages.CheckoutTest" name="TC_02_fillCheckoutForm" time="15.871"/>
  <system-out/>
  <testcase classname="TestPages.CheckoutTest" name="TC_03_clickPayNow" time="5.277"/>
  <system-out/>
  <testcase classname="TestPages.CheckoutTest" name="VerifyCheckoutEnable" time="6.861"/>
  <system-out/>
</testsuite> <!-- TestPages.CheckoutTest -->
