<?xml version="1.0" encoding="UTF-8"?>
<!-- Generated by org.testng.reporters.JUnitXMLReporter -->
<testsuite ignored="0" hostname="DESKTOP-LL1B83L" failures="1" tests="7" name="01 - HOME Tests" time="128.87" errors="0" timestamp="2026-03-03T12:15:54 IST">
  <testcase classname="TestPages.HomeTest" name="clickOnMenBestSellerShopNowButton" time="20.855">
    <failure type="java.lang.AssertionError" message="Failed to Click on Men BestSeller ShopNow ButtonExpected condition failed: waiting for number of open windows to be 2 (tried for 20 second(s) with 500 milliseconds interval)
Build info: version: &amp;apos;4.25.0&amp;apos;, revision: &amp;apos;8a8aea2337&amp;apos;
System info: os.name: &amp;apos;Windows 11&amp;apos;, os.arch: &amp;apos;amd64&amp;apos;, os.version: &amp;apos;10.0&amp;apos;, java.version: &amp;apos;17.0.7&amp;apos;
Driver info: org.openqa.selenium.chrome.ChromeDriver
Capabilities {acceptInsecureCerts: false, browserName: chrome, browserVersion: 145.0.7632.117, chrome: {chromedriverVersion: 145.0.7632.117 (de4e5d6e13b..., userDataDir: C:\Users\LYXELA~1\AppData\L...}, fedcm:accounts: true, goog:chromeOptions: {debuggerAddress: localhost:65025}, goog:processID: 18252, networkConnectionEnabled: false, pageLoadStrategy: normal, platformName: windows, proxy: Proxy(), se:cdp: ws://localhost:65025/devtoo..., se:cdpVersion: 145.0.7632.117, setWindowRect: true, strictFileInteractability: false, timeouts: {implicit: 0, pageLoad: 300000, script: 30000}, unhandledPromptBehavior: accept, webauthn:extension:credBlob: true, webauthn:extension:largeBlob: true, webauthn:extension:minPinLength: true, webauthn:extension:prf: true, webauthn:virtualAuthenticators: true}
Session ID: 0da51cf4edfc330e155614340cf4dd86">
      <![CDATA[java.lang.AssertionError: Failed to Click on Men BestSeller ShopNow ButtonExpected condition failed: waiting for number of open windows to be 2 (tried for 20 second(s) with 500 milliseconds interval)
Build info: version: '4.25.0', revision: '8a8aea2337'
System info: os.name: 'Windows 11', os.arch: 'amd64', os.version: '10.0', java.version: '17.0.7'
Driver info: org.openqa.selenium.chrome.ChromeDriver
Capabilities {acceptInsecureCerts: false, browserName: chrome, browserVersion: 145.0.7632.117, chrome: {chromedriverVersion: 145.0.7632.117 (de4e5d6e13b..., userDataDir: C:\Users\LYXELA~1\AppData\L...}, fedcm:accounts: true, goog:chromeOptions: {debuggerAddress: localhost:65025}, goog:processID: 18252, networkConnectionEnabled: false, pageLoadStrategy: normal, platformName: windows, proxy: Proxy(), se:cdp: ws://localhost:65025/devtoo..., se:cdpVersion: 145.0.7632.117, setWindowRect: true, strictFileInteractability: false, timeouts: {implicit: 0, pageLoad: 300000, script: 30000}, unhandledPromptBehavior: accept, webauthn:extension:credBlob: true, webauthn:extension:largeBlob: true, webauthn:extension:minPinLength: true, webauthn:extension:prf: true, webauthn:virtualAuthenticators: true}
Session ID: 0da51cf4edfc330e155614340cf4dd86
at TestPages.HomeTest.clickOnMenBestSellerShopNowButton(HomeTest.java:28)
at java.base/java.util.ArrayList.forEach(ArrayList.java:1511)
... Removed 32 stack frames]]>
    </failure>
  </testcase> <!-- clickOnMenBestSellerShopNowButton -->
  <testcase classname="TestPages.HomeTest" name="clickOnWomenBestSellerShopnowButton" time="3.818"/>
  <testcase classname="TestPages.HomeTest" name="clickLatestReleaseProduct" time="3.163"/>
  <testcase classname="TestPages.HomeTest" name="clickOnAllProductsLatestRelease" time="80.697"/>
  <testcase classname="TestPages.HomeTest" name="ClickOnPopularCategories" time="3.161"/>
  <testcase classname="TestPages.HomeTest" name="clickOnLeatherWatchMenShopNowButton" time="4.098"/>
  <testcase classname="TestPages.HomeTest" name="GoToMensNewArrivalCategory" time="2.385"/>
</testsuite> <!-- 01 - HOME Tests -->
