<?xml version="1.0" encoding="UTF-8"?>
<!-- Generated by org.testng.reporters.JUnitXMLReporter -->
<testsuite ignored="0" hostname="DESKTOP-LL1B83L" failures="0" tests="5" name="02 - PLP Tests" time="23.567" errors="0" timestamp="2026-03-03T12:16:18 IST">
  <testcase classname="TestPages.PLPTest" name="TC_01_ClickOnDialShapeFilter" time="3.404"/>
  <testcase classname="TestPages.PLPTest" name="TC_02_ClickOnAttachmentTypeFilter" time="1.887"/>
  <testcase classname="TestPages.PLPTest" name="TC_03_ClickOnDialColorFilter" time="4.399"/>
  <testcase classname="TestPages.PLPTest" name="TC_04_ClickOnStrapColorFilter" time="4.331"/>
  <testcase classname="TestPages.PLPTest" name="TC_05_ClickOnFirstProduct" time="2.658"/>
</testsuite> <!-- 02 - PLP Tests -->
