<?xml version="1.0" encoding="UTF-8"?>
<!-- Generated by org.testng.reporters.JUnitXMLReporter -->
<testsuite ignored="0" hostname="DESKTOP-LL1B83L" failures="1" tests="4" name="04 - MINICART Tests" time="15.973" errors="0" timestamp="2026-03-03T12:16:54 IST">
  <testcase classname="TestPages.MiniCartTest" name="TC_01_QuantityIncrease" time="4.337"/>
  <testcase classname="TestPages.MiniCartTest" name="TC_02_QuantityDecrease" time="3.256"/>
  <testcase classname="TestPages.MiniCartTest" name="TC_03_EnterPincode" time="0.181">
    <failure type="java.lang.AssertionError" message="Failed to Enter Pincodeelement not interactable
  (Session info: chrome=145.0.7632.117)
Build info: version: &amp;apos;4.25.0&amp;apos;, revision: &amp;apos;8a8aea2337&amp;apos;
System info: os.name: &amp;apos;Windows 11&amp;apos;, os.arch: &amp;apos;amd64&amp;apos;, os.version: &amp;apos;10.0&amp;apos;, java.version: &amp;apos;17.0.7&amp;apos;
Driver info: org.openqa.selenium.chrome.ChromeDriver
Command: [0580d38190e8603f6fa19bf8952567f4, sendKeysToElement {id=f.B9121ABD091CCD7289C4BBDDD97D4E13.d.0CA5012B0F620FADBEEA7F9C29CF79D5.e.271, value=[Ljava.lang.CharSequence;@6277a496}]
Capabilities {acceptInsecureCerts: false, browserName: chrome, browserVersion: 145.0.7632.117, chrome: {chromedriverVersion: 145.0.7632.117 (de4e5d6e13b..., userDataDir: C:\Users\LYXELA~1\AppData\L...}, fedcm:accounts: true, goog:chromeOptions: {debuggerAddress: localhost:54402}, goog:processID: 3096, networkConnectionEnabled: false, pageLoadStrategy: normal, platformName: windows, proxy: Proxy(), se:cdp: ws://localhost:54402/devtoo..., se:cdpVersion: 145.0.7632.117, setWindowRect: true, strictFileInteractability: false, timeouts: {implicit: 0, pageLoad: 300000, script: 30000}, unhandledPromptBehavior: accept, webauthn:extension:credBlob: true, webauthn:extension:largeBlob: true, webauthn:extension:minPinLength: true, webauthn:extension:prf: true, webauthn:virtualAuthenticators: true}
Element: [[ChromeDriver: chrome on windows (0580d38190e8603f6fa19bf8952567f4)] -&amp;gt; id: userPincode]
Session ID: 0580d38190e8603f6fa19bf8952567f4">
      <![CDATA[java.lang.AssertionError: Failed to Enter Pincodeelement not interactable
  (Session info: chrome=145.0.7632.117)
Build info: version: '4.25.0', revision: '8a8aea2337'
System info: os.name: 'Windows 11', os.arch: 'amd64', os.version: '10.0', java.version: '17.0.7'
Driver info: org.openqa.selenium.chrome.ChromeDriver
Command: [0580d38190e8603f6fa19bf8952567f4, sendKeysToElement {id=f.B9121ABD091CCD7289C4BBDDD97D4E13.d.0CA5012B0F620FADBEEA7F9C29CF79D5.e.271, value=[Ljava.lang.CharSequence;@6277a496}]
Capabilities {acceptInsecureCerts: false, browserName: chrome, browserVersion: 145.0.7632.117, chrome: {chromedriverVersion: 145.0.7632.117 (de4e5d6e13b..., userDataDir: C:\Users\LYXELA~1\AppData\L...}, fedcm:accounts: true, goog:chromeOptions: {debuggerAddress: localhost:54402}, goog:processID: 3096, networkConnectionEnabled: false, pageLoadStrategy: normal, platformName: windows, proxy: Proxy(), se:cdp: ws://localhost:54402/devtoo..., se:cdpVersion: 145.0.7632.117, setWindowRect: true, strictFileInteractability: false, timeouts: {implicit: 0, pageLoad: 300000, script: 30000}, unhandledPromptBehavior: accept, webauthn:extension:credBlob: true, webauthn:extension:largeBlob: true, webauthn:extension:minPinLength: true, webauthn:extension:prf: true, webauthn:virtualAuthenticators: true}
Element: [[ChromeDriver: chrome on windows (0580d38190e8603f6fa19bf8952567f4)] -> id: userPincode]
Session ID: 0580d38190e8603f6fa19bf8952567f4
at TestPages.MiniCartTest.TC_03_EnterPincode(MiniCartTest.java:55)
at java.base/java.util.ArrayList.forEach(ArrayList.java:1511)
... Removed 32 stack frames]]>
    </failure>
  </testcase> <!-- TC_03_EnterPincode -->
  <testcase classname="TestPages.MiniCartTest" name="TC_04_ClickOnCheckoutButton" time="0.085"/>
</testsuite> <!-- 04 - MINICART Tests -->
