<?xml version="1.0" encoding="UTF-8"?>
<!-- Generated by org.testng.reporters.JUnitXMLReporter -->
<testsuite ignored="0" hostname="DESKTOP-LL1B83L" failures="0" tests="4" name="05 - CHECKOUT Tests" time="41.147" errors="0" timestamp="2026-03-03T12:17:35 IST">
  <testcase classname="TestPages.CheckoutTest" name="TC_01_verifyCheckoutPage" time="0.047"/>
  <testcase classname="TestPages.CheckoutTest" name="TC_02_fillCheckoutForm" time="15.871"/>
  <testcase classname="TestPages.CheckoutTest" name="TC_03_clickPayNow" time="5.277"/>
  <testcase classname="TestPages.CheckoutTest" name="VerifyCheckoutEnable" time="6.861"/>
</testsuite> <!-- 05 - CHECKOUT Tests -->
